2021-11-17 00:23:31.608 [main] INFO  DataBaseTestConfig - Create DB connection
2021-11-17 00:23:31.837 [main] INFO  DataBaseTestConfig - Closing DB connection
2021-11-17 00:23:31.843 [main] INFO  ParkingService - Please type the vehicle registration number and press enter key
2021-11-17 00:23:31.845 [main] INFO  DataBaseTestConfig - Create DB connection
2021-11-17 00:23:31.861 [main] INFO  DataBaseTestConfig - Closing Result Set
2021-11-17 00:23:31.862 [main] INFO  DataBaseTestConfig - Closing Prepared Statement
2021-11-17 00:23:31.862 [main] INFO  DataBaseTestConfig - Closing DB connection
2021-11-17 00:23:32.463 [main] ERROR ParkingService - Unable to process exiting vehicle
java.lang.NullPointerException: null
	at com.parkit.parkingsystem.service.ParkingService.processExitingVehicle(ParkingService.java:124) [classes/:?]
	at com.parkit.parkingsystem.integration.ParkingDataBaseIT.testParkingLotExit(ParkingDataBaseIT.java:104) [test-classes/:?]
	at sun.reflect.NativeMethodAccessorImpl.invoke0(Native Method) ~[?:1.8.0_292]
	at sun.reflect.NativeMethodAccessorImpl.invoke(NativeMethodAccessorImpl.java:62) ~[?:1.8.0_292]
	at sun.reflect.DelegatingMethodAccessorImpl.invoke(DelegatingMethodAccessorImpl.java:43) ~[?:1.8.0_292]
	at java.lang.reflect.Method.invoke(Method.java:498) ~[?:1.8.0_292]
	at org.junit.platform.commons.util.ReflectionUtils.invokeMethod(ReflectionUtils.java:688) [org.junit.platform.commons_1.7.1.v20210222-1948.jar:1.7.1]
	at org.junit.jupiter.engine.execution.MethodInvocation.proceed(MethodInvocation.java:60) [org.junit.jupiter.engine_5.7.1.v20210222-1948.jar:5.7.1]
	at org.junit.jupiter.engine.execution.InvocationInterceptorChain$ValidatingInvocation.proceed(InvocationInterceptorChain.java:131) [org.junit.jupiter.engine_5.7.1.v20210222-1948.jar:5.7.1]
	at org.junit.jupiter.engine.extension.TimeoutExtension.intercept(TimeoutExtension.java:149) [org.junit.jupiter.engine_5.7.1.v20210222-1948.jar:5.7.1]
	at org.junit.jupiter.engine.extension.TimeoutExtension.interceptTestableMethod(TimeoutExtension.java:140) [org.junit.jupiter.engine_5.7.1.v20210222-1948.jar:5.7.1]
	at org.junit.jupiter.engine.extension.TimeoutExtension.interceptTestMethod(TimeoutExtension.java:84) [org.junit.jupiter.engine_5.7.1.v20210222-1948.jar:5.7.1]
	at org.junit.jupiter.engine.descriptor.TestMethodTestDescriptor$$Lambda$118/0x0000000000000000.apply(Unknown Source) [org.junit.jupiter.engine_5.7.1.v20210222-1948.jar:5.7.1]
	at org.junit.jupiter.engine.execution.ExecutableInvoker$ReflectiveInterceptorCall.lambda$ofVoidMethod$0(ExecutableInvoker.java:115) [org.junit.jupiter.engine_5.7.1.v20210222-1948.jar:5.7.1]
	at org.junit.jupiter.engine.execution.ExecutableInvoker$ReflectiveInterceptorCall$$Lambda$119/0x0000000000000000.apply(Unknown Source) [org.junit.jupiter.engine_5.7.1.v20210222-1948.jar:5.7.1]
	at org.junit.jupiter.engine.execution.ExecutableInvoker.lambda$invoke$0(ExecutableInvoker.java:105) [org.junit.jupiter.engine_5.7.1.v20210222-1948.jar:5.7.1]
	at org.junit.jupiter.engine.execution.ExecutableInvoker$$Lambda$275/0x0000000000000000.apply(Unknown Source) [org.junit.jupiter.engine_5.7.1.v20210222-1948.jar:5.7.1]
	at org.junit.jupiter.engine.execution.InvocationInterceptorChain$InterceptedInvocation.proceed(InvocationInterceptorChain.java:106) [org.junit.jupiter.engine_5.7.1.v20210222-1948.jar:5.7.1]
	at org.junit.jupiter.engine.execution.InvocationInterceptorChain.proceed(InvocationInterceptorChain.java:64) [org.junit.jupiter.engine_5.7.1.v20210222-1948.jar:5.7.1]
	at org.junit.jupiter.engine.execution.InvocationInterceptorChain.chainAndInvoke(InvocationInterceptorChain.java:45) [org.junit.jupiter.engine_5.7.1.v20210222-1948.jar:5.7.1]
	at org.junit.jupiter.engine.execution.InvocationInterceptorChain.invoke(InvocationInterceptorChain.java:37) [org.junit.jupiter.engine_5.7.1.v20210222-1948.jar:5.7.1]
	at org.junit.jupiter.engine.execution.ExecutableInvoker.invoke(ExecutableInvoker.java:104) [org.junit.jupiter.engine_5.7.1.v20210222-1948.jar:5.7.1]
	at org.junit.jupiter.engine.execution.ExecutableInvoker.invoke(ExecutableInvoker.java:98) [org.junit.jupiter.engine_5.7.1.v20210222-1948.jar:5.7.1]
	at org.junit.jupiter.engine.descriptor.TestMethodTestDescriptor.lambda$invokeTestMethod$6(TestMethodTestDescriptor.java:210) [org.junit.jupiter.engine_5.7.1.v20210222-1948.jar:5.7.1]
	at org.junit.jupiter.engine.descriptor.TestMethodTestDescriptor$$Lambda$222/0x0000000000000000.execute(Unknown Source) [org.junit.jupiter.engine_5.7.1.v20210222-1948.jar:5.7.1]
	at org.junit.platform.engine.support.hierarchical.ThrowableCollector.execute(ThrowableCollector.java:73) [org.junit.platform.engine_1.7.1.v20210222-1948.jar:1.7.1]
	at org.junit.jupiter.engine.descriptor.TestMethodTestDescriptor.invokeTestMethod(TestMethodTestDescriptor.java:206) [org.junit.jupiter.engine_5.7.1.v20210222-1948.jar:5.7.1]
	at org.junit.jupiter.engine.descriptor.TestMethodTestDescriptor.execute(TestMethodTestDescriptor.java:131) [org.junit.jupiter.engine_5.7.1.v20210222-1948.jar:5.7.1]
	at org.junit.jupiter.engine.descriptor.TestMethodTestDescriptor.execute(TestMethodTestDescriptor.java:65) [org.junit.jupiter.engine_5.7.1.v20210222-1948.jar:5.7.1]
	at org.junit.platform.engine.support.hierarchical.NodeTestTask.lambda$executeRecursively$5(NodeTestTask.java:139) [org.junit.platform.engine_1.7.1.v20210222-1948.jar:1.7.1]
	at org.junit.platform.engine.support.hierarchical.NodeTestTask$$Lambda$151/0x0000000000000000.execute(Unknown Source) [org.junit.platform.engine_1.7.1.v20210222-1948.jar:1.7.1]
	at org.junit.platform.engine.support.hierarchical.ThrowableCollector.execute(ThrowableCollector.java:73) [org.junit.platform.engine_1.7.1.v20210222-1948.jar:1.7.1]
	at org.junit.platform.engine.support.hierarchical.NodeTestTask.lambda$executeRecursively$7(NodeTestTask.java:129) [org.junit.platform.engine_1.7.1.v20210222-1948.jar:1.7.1]
	at org.junit.platform.engine.support.hierarchical.NodeTestTask$$Lambda$152/0x0000000000000000.invoke(Unknown Source) [org.junit.platform.engine_1.7.1.v20210222-1948.jar:1.7.1]
	at org.junit.platform.engine.support.hierarchical.Node.around(Node.java:137) [org.junit.platform.engine_1.7.1.v20210222-1948.jar:1.7.1]
	at org.junit.platform.engine.support.hierarchical.NodeTestTask.lambda$executeRecursively$8(NodeTestTask.java:127) [org.junit.platform.engine_1.7.1.v20210222-1948.jar:1.7.1]
	at org.junit.platform.engine.support.hierarchical.NodeTestTask$$Lambda$151/0x0000000000000000.execute(Unknown Source) [org.junit.platform.engine_1.7.1.v20210222-1948.jar:1.7.1]
	at org.junit.platform.engine.support.hierarchical.ThrowableCollector.execute(ThrowableCollector.java:73) [org.junit.platform.engine_1.7.1.v20210222-1948.jar:1.7.1]
	at org.junit.platform.engine.support.hierarchical.NodeTestTask.executeRecursively(NodeTestTask.java:126) [org.junit.platform.engine_1.7.1.v20210222-1948.jar:1.7.1]
	at org.junit.platform.engine.support.hierarchical.NodeTestTask.execute(NodeTestTask.java:84) [org.junit.platform.engine_1.7.1.v20210222-1948.jar:1.7.1]
	at org.junit.platform.engine.support.hierarchical.SameThreadHierarchicalTestExecutorService$$Lambda$225/0x0000000000000000.accept(Unknown Source) [org.junit.platform.engine_1.7.1.v20210222-1948.jar:1.7.1]
	at java.util.ArrayList.forEach(ArrayList.java:1259) [?:1.8.0_292]
	at org.junit.platform.engine.support.hierarchical.SameThreadHierarchicalTestExecutorService.invokeAll(SameThreadHierarchicalTestExecutorService.java:38) [org.junit.platform.engine_1.7.1.v20210222-1948.jar:1.7.1]
	at org.junit.platform.engine.support.hierarchical.NodeTestTask.lambda$executeRecursively$5(NodeTestTask.java:143) [org.junit.platform.engine_1.7.1.v20210222-1948.jar:1.7.1]
	at org.junit.platform.engine.support.hierarchical.NodeTestTask$$Lambda$151/0x0000000000000000.execute(Unknown Source) [org.junit.platform.engine_1.7.1.v20210222-1948.jar:1.7.1]
	at org.junit.platform.engine.support.hierarchical.ThrowableCollector.execute(ThrowableCollector.java:73) [org.junit.platform.engine_1.7.1.v20210222-1948.jar:1.7.1]
	at org.junit.platform.engine.support.hierarchical.NodeTestTask.lambda$executeRecursively$7(NodeTestTask.java:129) [org.junit.platform.engine_1.7.1.v20210222-1948.jar:1.7.1]
	at org.junit.platform.engine.support.hierarchical.NodeTestTask$$Lambda$152/0x0000000000000000.invoke(Unknown Source) [org.junit.platform.engine_1.7.1.v20210222-1948.jar:1.7.1]
	at org.junit.platform.engine.support.hierarchical.Node.around(Node.java:137) [org.junit.platform.engine_1.7.1.v20210222-1948.jar:1.7.1]
	at org.junit.platform.engine.support.hierarchical.NodeTestTask.lambda$executeRecursively$8(NodeTestTask.java:127) [org.junit.platform.engine_1.7.1.v20210222-1948.jar:1.7.1]
	at org.junit.platform.engine.support.hierarchical.NodeTestTask$$Lambda$151/0x0000000000000000.execute(Unknown Source) [org.junit.platform.engine_1.7.1.v20210222-1948.jar:1.7.1]
	at org.junit.platform.engine.support.hierarchical.ThrowableCollector.execute(ThrowableCollector.java:73) [org.junit.platform.engine_1.7.1.v20210222-1948.jar:1.7.1]
	at org.junit.platform.engine.support.hierarchical.NodeTestTask.executeRecursively(NodeTestTask.java:126) [org.junit.platform.engine_1.7.1.v20210222-1948.jar:1.7.1]
	at org.junit.platform.engine.support.hierarchical.NodeTestTask.execute(NodeTestTask.java:84) [org.junit.platform.engine_1.7.1.v20210222-1948.jar:1.7.1]
	at org.junit.platform.engine.support.hierarchical.SameThreadHierarchicalTestExecutorService$$Lambda$225/0x0000000000000000.accept(Unknown Source) [org.junit.platform.engine_1.7.1.v20210222-1948.jar:1.7.1]
	at java.util.ArrayList.forEach(ArrayList.java:1259) [?:1.8.0_292]
	at org.junit.platform.engine.support.hierarchical.SameThreadHierarchicalTestExecutorService.invokeAll(SameThreadHierarchicalTestExecutorService.java:38) [org.junit.platform.engine_1.7.1.v20210222-1948.jar:1.7.1]
	at org.junit.platform.engine.support.hierarchical.NodeTestTask.lambda$executeRecursively$5(NodeTestTask.java:143) [org.junit.platform.engine_1.7.1.v20210222-1948.jar:1.7.1]
	at org.junit.platform.engine.support.hierarchical.NodeTestTask$$Lambda$151/0x0000000000000000.execute(Unknown Source) [org.junit.platform.engine_1.7.1.v20210222-1948.jar:1.7.1]
	at org.junit.platform.engine.support.hierarchical.ThrowableCollector.execute(ThrowableCollector.java:73) [org.junit.platform.engine_1.7.1.v20210222-1948.jar:1.7.1]
	at org.junit.platform.engine.support.hierarchical.NodeTestTask.lambda$executeRecursively$7(NodeTestTask.java:129) [org.junit.platform.engine_1.7.1.v20210222-1948.jar:1.7.1]
	at org.junit.platform.engine.support.hierarchical.NodeTestTask$$Lambda$152/0x0000000000000000.invoke(Unknown Source) [org.junit.platform.engine_1.7.1.v20210222-1948.jar:1.7.1]
	at org.junit.platform.engine.support.hierarchical.Node.around(Node.java:137) [org.junit.platform.engine_1.7.1.v20210222-1948.jar:1.7.1]
	at org.junit.platform.engine.support.hierarchical.NodeTestTask.lambda$executeRecursively$8(NodeTestTask.java:127) [org.junit.platform.engine_1.7.1.v20210222-1948.jar:1.7.1]
	at org.junit.platform.engine.support.hierarchical.NodeTestTask$$Lambda$151/0x0000000000000000.execute(Unknown Source) [org.junit.platform.engine_1.7.1.v20210222-1948.jar:1.7.1]
	at org.junit.platform.engine.support.hierarchical.ThrowableCollector.execute(ThrowableCollector.java:73) [org.junit.platform.engine_1.7.1.v20210222-1948.jar:1.7.1]
	at org.junit.platform.engine.support.hierarchical.NodeTestTask.executeRecursively(NodeTestTask.java:126) [org.junit.platform.engine_1.7.1.v20210222-1948.jar:1.7.1]
	at org.junit.platform.engine.support.hierarchical.NodeTestTask.execute(NodeTestTask.java:84) [org.junit.platform.engine_1.7.1.v20210222-1948.jar:1.7.1]
	at org.junit.platform.engine.support.hierarchical.SameThreadHierarchicalTestExecutorService.submit(SameThreadHierarchicalTestExecutorService.java:32) [org.junit.platform.engine_1.7.1.v20210222-1948.jar:1.7.1]
	at org.junit.platform.engine.support.hierarchical.HierarchicalTestExecutor.execute(HierarchicalTestExecutor.java:57) [org.junit.platform.engine_1.7.1.v20210222-1948.jar:1.7.1]
	at org.junit.platform.engine.support.hierarchical.HierarchicalTestEngine.execute(HierarchicalTestEngine.java:51) [org.junit.platform.engine_1.7.1.v20210222-1948.jar:1.7.1]
	at org.junit.platform.launcher.core.EngineExecutionOrchestrator.execute(EngineExecutionOrchestrator.java:108) [org.junit.platform.launcher_1.7.1.v20210222-1948.jar:1.7.1]
	at org.junit.platform.launcher.core.EngineExecutionOrchestrator.execute(EngineExecutionOrchestrator.java:88) [org.junit.platform.launcher_1.7.1.v20210222-1948.jar:1.7.1]
	at org.junit.platform.launcher.core.EngineExecutionOrchestrator.lambda$execute$0(EngineExecutionOrchestrator.java:54) [org.junit.platform.launcher_1.7.1.v20210222-1948.jar:1.7.1]
	at org.junit.platform.launcher.core.EngineExecutionOrchestrator$$Lambda$180/0x0000000000000000.accept(Unknown Source) [org.junit.platform.launcher_1.7.1.v20210222-1948.jar:1.7.1]
	at org.junit.platform.launcher.core.EngineExecutionOrchestrator.withInterceptedStreams(EngineExecutionOrchestrator.java:67) [org.junit.platform.launcher_1.7.1.v20210222-1948.jar:1.7.1]
	at org.junit.platform.launcher.core.EngineExecutionOrchestrator.execute(EngineExecutionOrchestrator.java:52) [org.junit.platform.launcher_1.7.1.v20210222-1948.jar:1.7.1]
	at org.junit.platform.launcher.core.DefaultLauncher.execute(DefaultLauncher.java:96) [org.junit.platform.launcher_1.7.1.v20210222-1948.jar:1.7.1]
	at org.junit.platform.launcher.core.DefaultLauncher.execute(DefaultLauncher.java:84) [org.junit.platform.launcher_1.7.1.v20210222-1948.jar:1.7.1]
	at org.eclipse.jdt.internal.junit5.runner.JUnit5TestReference.run(JUnit5TestReference.java:98) [.cp/:?]
	at org.eclipse.jdt.internal.junit.runner.TestExecution.run(TestExecution.java:40) [.cp/:?]
	at org.eclipse.jdt.internal.junit.runner.RemoteTestRunner.runTests(RemoteTestRunner.java:529) [.cp/:?]
	at org.eclipse.jdt.internal.junit.runner.RemoteTestRunner.runTests(RemoteTestRunner.java:756) [.cp/:?]
	at org.eclipse.jdt.internal.junit.runner.RemoteTestRunner.run(RemoteTestRunner.java:452) [.cp/:?]
	at org.eclipse.jdt.internal.junit.runner.RemoteTestRunner.main(RemoteTestRunner.java:210) [.cp/:?]
2021-11-17 00:23:32.469 [main] INFO  ParkingService - Please select vehicle type from menu
2021-11-17 00:23:32.469 [main] INFO  ParkingService - 1 CAR
2021-11-17 00:23:32.470 [main] INFO  ParkingService - 2 BIKE
2021-11-17 00:23:32.470 [main] INFO  DataBaseTestConfig - Create DB connection
2021-11-17 00:23:32.483 [main] INFO  DataBaseTestConfig - Closing Result Set
2021-11-17 00:23:32.483 [main] INFO  DataBaseTestConfig - Closing Prepared Statement
2021-11-17 00:23:32.483 [main] INFO  DataBaseTestConfig - Closing DB connection
2021-11-17 00:23:32.514 [main] INFO  DataBaseTestConfig - Create DB connection
2021-11-17 00:23:32.527 [main] INFO  DataBaseTestConfig - Closing Result Set
2021-11-17 00:23:32.527 [main] INFO  DataBaseTestConfig - Closing Prepared Statement
2021-11-17 00:23:32.527 [main] INFO  DataBaseTestConfig - Closing DB connection
2021-11-17 00:23:32.529 [main] INFO  DataBaseTestConfig - Create DB connection
2021-11-17 00:23:32.540 [main] INFO  DataBaseTestConfig - Closing Result Set
2021-11-17 00:23:32.540 [main] INFO  DataBaseTestConfig - Closing Prepared Statement
2021-11-17 00:23:32.540 [main] INFO  DataBaseTestConfig - Closing DB connection
2021-11-17 00:23:32.541 [main] INFO  DataBaseTestConfig - Create DB connection
2021-11-17 00:23:32.564 [main] INFO  DataBaseTestConfig - Closing DB connection
2021-11-17 00:23:32.572 [main] INFO  DataBaseTestConfig - Create DB connection
2021-11-17 00:23:32.594 [main] INFO  DataBaseTestConfig - Closing DB connection
2021-11-17 00:23:32.595 [main] INFO  ParkingService - Please select vehicle type from menu
2021-11-17 00:23:32.595 [main] INFO  ParkingService - 1 CAR
2021-11-17 00:23:32.595 [main] INFO  ParkingService - 2 BIKE
2021-11-17 00:23:32.595 [main] INFO  DataBaseTestConfig - Create DB connection
2021-11-17 00:23:32.616 [main] INFO  DataBaseTestConfig - Closing Result Set
2021-11-17 00:23:32.616 [main] INFO  DataBaseTestConfig - Closing Prepared Statement
2021-11-17 00:23:32.616 [main] INFO  DataBaseTestConfig - Closing DB connection
2021-11-17 00:23:32.616 [main] INFO  ParkingService - Please type the vehicle registration number and press enter key
2021-11-17 00:23:32.617 [main] INFO  DataBaseTestConfig - Create DB connection
2021-11-17 00:23:32.629 [main] INFO  DataBaseTestConfig - Closing Result Set
2021-11-17 00:23:32.629 [main] INFO  DataBaseTestConfig - Closing Prepared Statement
2021-11-17 00:23:32.629 [main] INFO  DataBaseTestConfig - Closing DB connection
2021-11-17 00:23:32.629 [main] INFO  DataBaseTestConfig - Create DB connection
2021-11-17 00:23:32.641 [main] INFO  DataBaseTestConfig - Closing Prepared Statement
2021-11-17 00:23:32.641 [main] INFO  DataBaseTestConfig - Closing DB connection
2021-11-17 00:23:32.641 [main] INFO  DataBaseTestConfig - Create DB connection
2021-11-17 00:23:32.656 [main] INFO  DataBaseTestConfig - Closing Result Set
2021-11-17 00:23:32.656 [main] INFO  DataBaseTestConfig - Closing Prepared Statement
2021-11-17 00:23:32.656 [main] INFO  DataBaseTestConfig - Closing DB connection
2021-11-17 00:23:32.657 [main] INFO  DataBaseTestConfig - Create DB connection
2021-11-17 00:23:32.668 [main] INFO  DataBaseTestConfig - Closing DB connection
2021-11-17 00:23:32.668 [main] INFO  ParkingService - ============================================================================================
2021-11-17 00:23:32.668 [main] INFO  ParkingService - Generated Ticket and saved in DataBase
2021-11-17 00:23:32.668 [main] INFO  ParkingService - Please park your vehicle in spot number: 1
2021-11-17 00:23:32.669 [main] INFO  ParkingService - Recorded in-time for vehicle number: ABCDEF / In-time The: 2021-11-17 at 00:23:32.641
2021-11-17 00:23:32.669 [main] INFO  ParkingService - --------------------------------------------------------------------------------------------
2021-11-17 00:23:32.669 [main] INFO  DataBaseTestConfig - Create DB connection
2021-11-17 00:23:32.680 [main] INFO  DataBaseTestConfig - Closing Prepared Statement
2021-11-17 00:23:32.680 [main] INFO  DataBaseTestConfig - Closing DB connection
2021-11-17 00:23:32.680 [main] INFO  ParkingService - Please select vehicle type from menu
2021-11-17 00:23:32.680 [main] INFO  ParkingService - 1 CAR
2021-11-17 00:23:32.680 [main] INFO  ParkingService - 2 BIKE
2021-11-17 00:23:32.682 [main] INFO  DataBaseTestConfig - Create DB connection
2021-11-17 00:23:32.692 [main] INFO  DataBaseTestConfig - Closing Result Set
2021-11-17 00:23:32.692 [main] INFO  DataBaseTestConfig - Closing Prepared Statement
2021-11-17 00:23:32.692 [main] INFO  DataBaseTestConfig - Closing DB connection
2021-11-17 00:23:32.692 [main] INFO  DataBaseTestConfig - Create DB connection
2021-11-17 00:23:32.704 [main] INFO  DataBaseTestConfig - Closing DB connection
2021-11-17 00:23:32.706 [main] INFO  DataBaseTestConfig - Create DB connection
2021-11-17 00:23:32.723 [main] INFO  DataBaseTestConfig - Closing DB connection
2021-11-17 00:23:32.723 [main] INFO  ParkingService - Please select vehicle type from menu
2021-11-17 00:23:32.723 [main] INFO  ParkingService - 1 CAR
2021-11-17 00:23:32.723 [main] INFO  ParkingService - 2 BIKE
2021-11-17 00:23:32.724 [main] INFO  DataBaseTestConfig - Create DB connection
2021-11-17 00:23:32.732 [main] INFO  DataBaseTestConfig - Closing Result Set
2021-11-17 00:23:32.732 [main] INFO  DataBaseTestConfig - Closing Prepared Statement
2021-11-17 00:23:32.732 [main] INFO  DataBaseTestConfig - Closing DB connection
2021-11-17 00:23:32.732 [main] INFO  ParkingService - Please type the vehicle registration number and press enter key
2021-11-17 00:23:32.733 [main] INFO  DataBaseTestConfig - Create DB connection
2021-11-17 00:23:32.741 [main] INFO  DataBaseTestConfig - Closing Result Set
2021-11-17 00:23:32.741 [main] INFO  DataBaseTestConfig - Closing Prepared Statement
2021-11-17 00:23:32.742 [main] INFO  DataBaseTestConfig - Closing DB connection
2021-11-17 00:23:32.742 [main] INFO  DataBaseTestConfig - Create DB connection
2021-11-17 00:23:32.752 [main] INFO  DataBaseTestConfig - Closing Prepared Statement
2021-11-17 00:23:32.752 [main] INFO  DataBaseTestConfig - Closing DB connection
2021-11-17 00:23:32.753 [main] INFO  DataBaseTestConfig - Create DB connection
2021-11-17 00:23:32.761 [main] INFO  DataBaseTestConfig - Closing Result Set
2021-11-17 00:23:32.761 [main] INFO  DataBaseTestConfig - Closing Prepared Statement
2021-11-17 00:23:32.762 [main] INFO  DataBaseTestConfig - Closing DB connection
2021-11-17 00:23:32.762 [main] INFO  DataBaseTestConfig - Create DB connection
2021-11-17 00:23:32.771 [main] INFO  DataBaseTestConfig - Closing DB connection
2021-11-17 00:23:32.771 [main] INFO  ParkingService - ============================================================================================
2021-11-17 00:23:32.771 [main] INFO  ParkingService - Generated Ticket and saved in DataBase
2021-11-17 00:23:32.771 [main] INFO  ParkingService - Please park your vehicle in spot number: 1
2021-11-17 00:23:32.771 [main] INFO  ParkingService - Recorded in-time for vehicle number: ABCDEF / In-time The: 2021-11-17 at 00:23:32.753
2021-11-17 00:23:32.771 [main] INFO  ParkingService - --------------------------------------------------------------------------------------------
2021-11-17 00:23:32.772 [main] INFO  ParkingService - Please type the vehicle registration number and press enter key
2021-11-17 00:23:32.772 [main] INFO  DataBaseTestConfig - Create DB connection
2021-11-17 00:23:32.782 [main] INFO  DataBaseTestConfig - Closing Result Set
2021-11-17 00:23:32.782 [main] INFO  DataBaseTestConfig - Closing Prepared Statement
2021-11-17 00:23:32.783 [main] INFO  DataBaseTestConfig - Closing DB connection
2021-11-17 00:23:33.385 [main] INFO  DataBaseTestConfig - Create DB connection
2021-11-17 00:23:33.396 [main] INFO  DataBaseTestConfig - Closing DB connection
2021-11-17 00:23:33.396 [main] INFO  DataBaseTestConfig - Create DB connection
2021-11-17 00:23:33.407 [main] INFO  DataBaseTestConfig - Closing Prepared Statement
2021-11-17 00:23:33.407 [main] INFO  DataBaseTestConfig - Closing DB connection
2021-11-17 00:23:33.407 [main] INFO  ParkingService - --------------------------------------------------------------------------------------------
2021-11-17 00:23:33.407 [main] INFO  ParkingService - Please pay the parking fare: 0.0€ for: 0 minutes of park.
2021-11-17 00:23:33.407 [main] INFO  ParkingService - Recorded out-time for vehicle number: ABCDEF / Out-time The: 2021-11-17 at 00:23:33.383
2021-11-17 00:23:33.407 [main] INFO  ParkingService - ============================================================================================
2021-11-17 00:23:33.407 [main] INFO  ParkingService - Please select vehicle type from menu
2021-11-17 00:23:33.407 [main] INFO  ParkingService - 1 CAR
2021-11-17 00:23:33.407 [main] INFO  ParkingService - 2 BIKE
2021-11-17 00:23:33.408 [main] INFO  DataBaseTestConfig - Create DB connection
2021-11-17 00:23:33.416 [main] INFO  DataBaseTestConfig - Closing Result Set
2021-11-17 00:23:33.416 [main] INFO  DataBaseTestConfig - Closing Prepared Statement
2021-11-17 00:23:33.416 [main] INFO  DataBaseTestConfig - Closing DB connection
2021-11-17 00:23:33.416 [main] INFO  DataBaseTestConfig - Create DB connection
2021-11-17 00:23:33.424 [main] INFO  DataBaseTestConfig - Closing DB connection
2021-11-17 00:23:33.424 [main] INFO  DataBaseTestConfig - Create DB connection
2021-11-17 00:23:33.434 [main] INFO  DataBaseTestConfig - Closing DB connection
2021-11-17 00:23:33.435 [main] INFO  DataBaseTestConfig - Create DB connection
2021-11-17 00:23:33.449 [main] INFO  DataBaseTestConfig - Closing DB connection
2021-11-17 00:23:33.449 [main] INFO  ParkingService - Please select vehicle type from menu
2021-11-17 00:23:33.449 [main] INFO  ParkingService - 1 CAR
2021-11-17 00:23:33.449 [main] INFO  ParkingService - 2 BIKE
2021-11-17 00:23:33.449 [main] INFO  DataBaseTestConfig - Create DB connection
2021-11-17 00:23:33.457 [main] INFO  DataBaseTestConfig - Closing Result Set
2021-11-17 00:23:33.457 [main] INFO  DataBaseTestConfig - Closing Prepared Statement
2021-11-17 00:23:33.457 [main] INFO  DataBaseTestConfig - Closing DB connection
2021-11-17 00:23:33.458 [main] INFO  DataBaseTestConfig - Create DB connection
2021-11-17 00:23:33.467 [main] INFO  DataBaseTestConfig - Closing Result Set
2021-11-17 00:23:33.467 [main] INFO  DataBaseTestConfig - Closing Prepared Statement
2021-11-17 00:23:33.467 [main] INFO  DataBaseTestConfig - Closing DB connection
2021-11-17 00:23:33.467 [main] INFO  ParkingService - Please select vehicle type from menu
2021-11-17 00:23:33.467 [main] INFO  ParkingService - 1 CAR
2021-11-17 00:23:33.467 [main] INFO  ParkingService - 2 BIKE
2021-11-17 00:23:33.468 [main] INFO  DataBaseTestConfig - Create DB connection
2021-11-17 00:23:33.476 [main] INFO  DataBaseTestConfig - Closing Result Set
2021-11-17 00:23:33.476 [main] INFO  DataBaseTestConfig - Closing Prepared Statement
2021-11-17 00:23:33.476 [main] INFO  DataBaseTestConfig - Closing DB connection
2021-11-17 00:23:33.476 [main] INFO  ParkingService - Please type the vehicle registration number and press enter key
2021-11-17 00:23:33.476 [main] INFO  DataBaseTestConfig - Create DB connection
2021-11-17 00:23:33.484 [main] INFO  DataBaseTestConfig - Closing Result Set
2021-11-17 00:23:33.484 [main] INFO  DataBaseTestConfig - Closing Prepared Statement
2021-11-17 00:23:33.484 [main] INFO  DataBaseTestConfig - Closing DB connection
2021-11-17 00:23:33.484 [main] INFO  DataBaseTestConfig - Create DB connection
2021-11-17 00:23:33.494 [main] INFO  DataBaseTestConfig - Closing Prepared Statement
2021-11-17 00:23:33.494 [main] INFO  DataBaseTestConfig - Closing DB connection
2021-11-17 00:23:33.494 [main] INFO  DataBaseTestConfig - Create DB connection
2021-11-17 00:23:33.502 [main] INFO  DataBaseTestConfig - Closing Result Set
2021-11-17 00:23:33.502 [main] INFO  DataBaseTestConfig - Closing Prepared Statement
2021-11-17 00:23:33.502 [main] INFO  DataBaseTestConfig - Closing DB connection
2021-11-17 00:23:33.502 [main] INFO  DataBaseTestConfig - Create DB connection
2021-11-17 00:23:33.511 [main] INFO  DataBaseTestConfig - Closing DB connection
2021-11-17 00:23:33.511 [main] INFO  ParkingService - ============================================================================================
2021-11-17 00:23:33.511 [main] INFO  ParkingService - Generated Ticket and saved in DataBase
2021-11-17 00:23:33.511 [main] INFO  ParkingService - Please park your vehicle in spot number: 1
2021-11-17 00:23:33.511 [main] INFO  ParkingService - Recorded in-time for vehicle number: ABCDEF / In-time The: 2021-11-17 at 00:23:33.494
2021-11-17 00:23:33.511 [main] INFO  ParkingService - --------------------------------------------------------------------------------------------
2021-11-17 00:23:33.511 [main] INFO  ParkingService - Please select vehicle type from menu
2021-11-17 00:23:33.511 [main] INFO  ParkingService - 1 CAR
2021-11-17 00:23:33.511 [main] INFO  ParkingService - 2 BIKE
2021-11-17 00:23:33.512 [main] INFO  DataBaseTestConfig - Create DB connection
2021-11-17 00:23:33.520 [main] INFO  DataBaseTestConfig - Closing Result Set
2021-11-17 00:23:33.521 [main] INFO  DataBaseTestConfig - Closing Prepared Statement
2021-11-17 00:23:33.521 [main] INFO  DataBaseTestConfig - Closing DB connection
2021-11-17 00:23:33.521 [main] INFO  DataBaseTestConfig - Create DB connection
2021-11-17 00:23:33.529 [main] INFO  DataBaseTestConfig - Closing Result Set
2021-11-17 00:23:33.529 [main] INFO  DataBaseTestConfig - Closing Prepared Statement
2021-11-17 00:23:33.529 [main] INFO  DataBaseTestConfig - Closing DB connection
2021-11-17 00:23:33.529 [main] INFO  DataBaseTestConfig - Create DB connection
2021-11-17 00:23:33.537 [main] INFO  DataBaseTestConfig - Closing Result Set
2021-11-17 00:23:33.537 [main] INFO  DataBaseTestConfig - Closing Prepared Statement
2021-11-17 00:23:33.538 [main] INFO  DataBaseTestConfig - Closing DB connection
2021-11-17 00:23:33.538 [main] INFO  DataBaseTestConfig - Create DB connection
2021-11-17 00:23:33.545 [main] INFO  DataBaseTestConfig - Closing DB connection
2021-11-17 00:23:33.586 [main] INFO  ParkingService - Please select vehicle type from menu
2021-11-17 00:23:33.586 [main] INFO  ParkingService - 1 CAR
2021-11-17 00:23:33.586 [main] INFO  ParkingService - 2 BIKE
2021-11-17 00:23:33.587 [main] INFO  ParkingService - Please type the vehicle registration number and press enter key
2021-11-17 00:23:33.589 [main] INFO  ParkingService - ============================================================================================
2021-11-17 00:23:33.589 [main] INFO  ParkingService - Generated Ticket and saved in DataBase
2021-11-17 00:23:33.589 [main] INFO  ParkingService - Please park your vehicle in spot number: 3
2021-11-17 00:23:33.590 [main] INFO  ParkingService - Recorded in-time for vehicle number: ABCDEF / In-time The: 2021-11-17 at 00:23:33.588
2021-11-17 00:23:33.590 [main] INFO  ParkingService - --------------------------------------------------------------------------------------------
2021-11-17 00:23:33.597 [main] INFO  ParkingService - Please select vehicle type from menu
2021-11-17 00:23:33.597 [main] INFO  ParkingService - 1 CAR
2021-11-17 00:23:33.597 [main] INFO  ParkingService - 2 BIKE
2021-11-17 00:23:33.598 [main] INFO  ParkingService - Please type the vehicle registration number and press enter key
2021-11-17 00:23:33.598 [main] INFO  ParkingService - --------------------------------------------------------------------------------------------
2021-11-17 00:23:33.598 [main] INFO  ParkingService - Error, Incoming Vehicule. Please set an other Registration Number.
2021-11-17 00:23:33.598 [main] INFO  ParkingService - This vehicule seems already park in. Thanks
2021-11-17 00:23:33.603 [main] INFO  ParkingService - Please type the vehicle registration number and press enter key
2021-11-17 00:23:34.208 [main] INFO  DataBaseConfig - Create DB connection
2021-11-17 00:23:34.219 [main] INFO  DataBaseConfig - Closing Result Set
2021-11-17 00:23:34.219 [main] INFO  DataBaseConfig - Closing Prepared Statement
2021-11-17 00:23:34.220 [main] INFO  DataBaseConfig - Closing DB connection
2021-11-17 00:23:34.221 [main] INFO  ParkingService - ============================================================================================
2021-11-17 00:23:34.221 [main] INFO  ParkingService - Welcome back! As usual user, you get benefit of 5% discount!
2021-11-17 00:23:34.221 [main] INFO  ParkingService - --------------------------------------------------------------------------------------------
2021-11-17 00:23:34.221 [main] INFO  ParkingService - Please pay the parking fare: 1.5€ for: 60 minutes of park.
2021-11-17 00:23:34.221 [main] INFO  ParkingService - Recorded out-time for vehicle number: ABCDEF / Out-time The: 2021-11-17 at 00:23:34.207
2021-11-17 00:23:34.221 [main] INFO  ParkingService - ============================================================================================
2021-11-17 00:23:34.225 [main] INFO  ParkingService - Please select vehicle type from menu
2021-11-17 00:23:34.225 [main] INFO  ParkingService - 1 CAR
2021-11-17 00:23:34.225 [main] INFO  ParkingService - 2 BIKE
2021-11-17 00:23:34.225 [main] ERROR ParkingService - Error fetching next available parking slot
java.lang.Exception: Error fetching parking number from DB. Parking slots might be full
	at com.parkit.parkingsystem.service.ParkingService.getNextParkingNumberIfAvailable(ParkingService.java:86) [classes/:?]
	at com.parkit.parkingsystem.service.ParkingService.processIncomingVehicle(ParkingService.java:38) [classes/:?]
	at com.parkit.parkingsystem.ParkingServiceTest.testErrorIfParkingIsFull(ParkingServiceTest.java:103) [test-classes/:?]
	at sun.reflect.NativeMethodAccessorImpl.invoke0(Native Method) ~[?:1.8.0_292]
	at sun.reflect.NativeMethodAccessorImpl.invoke(NativeMethodAccessorImpl.java:62) ~[?:1.8.0_292]
	at sun.reflect.DelegatingMethodAccessorImpl.invoke(DelegatingMethodAccessorImpl.java:43) ~[?:1.8.0_292]
	at java.lang.reflect.Method.invoke(Method.java:498) ~[?:1.8.0_292]
	at org.junit.platform.commons.util.ReflectionUtils.invokeMethod(ReflectionUtils.java:688) [org.junit.platform.commons_1.7.1.v20210222-1948.jar:1.7.1]
	at org.junit.jupiter.engine.execution.MethodInvocation.proceed(MethodInvocation.java:60) [org.junit.jupiter.engine_5.7.1.v20210222-1948.jar:5.7.1]
	at org.junit.jupiter.engine.execution.InvocationInterceptorChain$ValidatingInvocation.proceed(InvocationInterceptorChain.java:131) [org.junit.jupiter.engine_5.7.1.v20210222-1948.jar:5.7.1]
	at org.junit.jupiter.engine.extension.TimeoutExtension.intercept(TimeoutExtension.java:149) [org.junit.jupiter.engine_5.7.1.v20210222-1948.jar:5.7.1]
	at org.junit.jupiter.engine.extension.TimeoutExtension.interceptTestableMethod(TimeoutExtension.java:140) [org.junit.jupiter.engine_5.7.1.v20210222-1948.jar:5.7.1]
	at org.junit.jupiter.engine.extension.TimeoutExtension.interceptTestMethod(TimeoutExtension.java:84) [org.junit.jupiter.engine_5.7.1.v20210222-1948.jar:5.7.1]
	at org.junit.jupiter.engine.descriptor.TestMethodTestDescriptor$$Lambda$118/0x0000000000000000.apply(Unknown Source) [org.junit.jupiter.engine_5.7.1.v20210222-1948.jar:5.7.1]
	at org.junit.jupiter.engine.execution.ExecutableInvoker$ReflectiveInterceptorCall.lambda$ofVoidMethod$0(ExecutableInvoker.java:115) [org.junit.jupiter.engine_5.7.1.v20210222-1948.jar:5.7.1]
	at org.junit.jupiter.engine.execution.ExecutableInvoker$ReflectiveInterceptorCall$$Lambda$119/0x0000000000000000.apply(Unknown Source) [org.junit.jupiter.engine_5.7.1.v20210222-1948.jar:5.7.1]
	at org.junit.jupiter.engine.execution.ExecutableInvoker.lambda$invoke$0(ExecutableInvoker.java:105) [org.junit.jupiter.engine_5.7.1.v20210222-1948.jar:5.7.1]
	at org.junit.jupiter.engine.execution.ExecutableInvoker$$Lambda$275/0x0000000000000000.apply(Unknown Source) [org.junit.jupiter.engine_5.7.1.v20210222-1948.jar:5.7.1]
	at org.junit.jupiter.engine.execution.InvocationInterceptorChain$InterceptedInvocation.proceed(InvocationInterceptorChain.java:106) [org.junit.jupiter.engine_5.7.1.v20210222-1948.jar:5.7.1]
	at org.junit.jupiter.engine.execution.InvocationInterceptorChain.proceed(InvocationInterceptorChain.java:64) [org.junit.jupiter.engine_5.7.1.v20210222-1948.jar:5.7.1]
	at org.junit.jupiter.engine.execution.InvocationInterceptorChain.chainAndInvoke(InvocationInterceptorChain.java:45) [org.junit.jupiter.engine_5.7.1.v20210222-1948.jar:5.7.1]
	at org.junit.jupiter.engine.execution.InvocationInterceptorChain.invoke(InvocationInterceptorChain.java:37) [org.junit.jupiter.engine_5.7.1.v20210222-1948.jar:5.7.1]
	at org.junit.jupiter.engine.execution.ExecutableInvoker.invoke(ExecutableInvoker.java:104) [org.junit.jupiter.engine_5.7.1.v20210222-1948.jar:5.7.1]
	at org.junit.jupiter.engine.execution.ExecutableInvoker.invoke(ExecutableInvoker.java:98) [org.junit.jupiter.engine_5.7.1.v20210222-1948.jar:5.7.1]
	at org.junit.jupiter.engine.descriptor.TestMethodTestDescriptor.lambda$invokeTestMethod$6(TestMethodTestDescriptor.java:210) [org.junit.jupiter.engine_5.7.1.v20210222-1948.jar:5.7.1]
	at org.junit.jupiter.engine.descriptor.TestMethodTestDescriptor$$Lambda$222/0x0000000000000000.execute(Unknown Source) [org.junit.jupiter.engine_5.7.1.v20210222-1948.jar:5.7.1]
	at org.junit.platform.engine.support.hierarchical.ThrowableCollector.execute(ThrowableCollector.java:73) [org.junit.platform.engine_1.7.1.v20210222-1948.jar:1.7.1]
	at org.junit.jupiter.engine.descriptor.TestMethodTestDescriptor.invokeTestMethod(TestMethodTestDescriptor.java:206) [org.junit.jupiter.engine_5.7.1.v20210222-1948.jar:5.7.1]
	at org.junit.jupiter.engine.descriptor.TestMethodTestDescriptor.execute(TestMethodTestDescriptor.java:131) [org.junit.jupiter.engine_5.7.1.v20210222-1948.jar:5.7.1]
	at org.junit.jupiter.engine.descriptor.TestMethodTestDescriptor.execute(TestMethodTestDescriptor.java:65) [org.junit.jupiter.engine_5.7.1.v20210222-1948.jar:5.7.1]
	at org.junit.platform.engine.support.hierarchical.NodeTestTask.lambda$executeRecursively$5(NodeTestTask.java:139) [org.junit.platform.engine_1.7.1.v20210222-1948.jar:1.7.1]
	at org.junit.platform.engine.support.hierarchical.NodeTestTask$$Lambda$151/0x0000000000000000.execute(Unknown Source) [org.junit.platform.engine_1.7.1.v20210222-1948.jar:1.7.1]
	at org.junit.platform.engine.support.hierarchical.ThrowableCollector.execute(ThrowableCollector.java:73) [org.junit.platform.engine_1.7.1.v20210222-1948.jar:1.7.1]
	at org.junit.platform.engine.support.hierarchical.NodeTestTask.lambda$executeRecursively$7(NodeTestTask.java:129) [org.junit.platform.engine_1.7.1.v20210222-1948.jar:1.7.1]
	at org.junit.platform.engine.support.hierarchical.NodeTestTask$$Lambda$152/0x0000000000000000.invoke(Unknown Source) [org.junit.platform.engine_1.7.1.v20210222-1948.jar:1.7.1]
	at org.junit.platform.engine.support.hierarchical.Node.around(Node.java:137) [org.junit.platform.engine_1.7.1.v20210222-1948.jar:1.7.1]
	at org.junit.platform.engine.support.hierarchical.NodeTestTask.lambda$executeRecursively$8(NodeTestTask.java:127) [org.junit.platform.engine_1.7.1.v20210222-1948.jar:1.7.1]
	at org.junit.platform.engine.support.hierarchical.NodeTestTask$$Lambda$151/0x0000000000000000.execute(Unknown Source) [org.junit.platform.engine_1.7.1.v20210222-1948.jar:1.7.1]
	at org.junit.platform.engine.support.hierarchical.ThrowableCollector.execute(ThrowableCollector.java:73) [org.junit.platform.engine_1.7.1.v20210222-1948.jar:1.7.1]
	at org.junit.platform.engine.support.hierarchical.NodeTestTask.executeRecursively(NodeTestTask.java:126) [org.junit.platform.engine_1.7.1.v20210222-1948.jar:1.7.1]
	at org.junit.platform.engine.support.hierarchical.NodeTestTask.execute(NodeTestTask.java:84) [org.junit.platform.engine_1.7.1.v20210222-1948.jar:1.7.1]
	at org.junit.platform.engine.support.hierarchical.SameThreadHierarchicalTestExecutorService$$Lambda$225/0x0000000000000000.accept(Unknown Source) [org.junit.platform.engine_1.7.1.v20210222-1948.jar:1.7.1]
	at java.util.ArrayList.forEach(ArrayList.java:1259) [?:1.8.0_292]
	at org.junit.platform.engine.support.hierarchical.SameThreadHierarchicalTestExecutorService.invokeAll(SameThreadHierarchicalTestExecutorService.java:38) [org.junit.platform.engine_1.7.1.v20210222-1948.jar:1.7.1]
	at org.junit.platform.engine.support.hierarchical.NodeTestTask.lambda$executeRecursively$5(NodeTestTask.java:143) [org.junit.platform.engine_1.7.1.v20210222-1948.jar:1.7.1]
	at org.junit.platform.engine.support.hierarchical.NodeTestTask$$Lambda$151/0x0000000000000000.execute(Unknown Source) [org.junit.platform.engine_1.7.1.v20210222-1948.jar:1.7.1]
	at org.junit.platform.engine.support.hierarchical.ThrowableCollector.execute(ThrowableCollector.java:73) [org.junit.platform.engine_1.7.1.v20210222-1948.jar:1.7.1]
	at org.junit.platform.engine.support.hierarchical.NodeTestTask.lambda$executeRecursively$7(NodeTestTask.java:129) [org.junit.platform.engine_1.7.1.v20210222-1948.jar:1.7.1]
	at org.junit.platform.engine.support.hierarchical.NodeTestTask$$Lambda$152/0x0000000000000000.invoke(Unknown Source) [org.junit.platform.engine_1.7.1.v20210222-1948.jar:1.7.1]
	at org.junit.platform.engine.support.hierarchical.Node.around(Node.java:137) [org.junit.platform.engine_1.7.1.v20210222-1948.jar:1.7.1]
	at org.junit.platform.engine.support.hierarchical.NodeTestTask.lambda$executeRecursively$8(NodeTestTask.java:127) [org.junit.platform.engine_1.7.1.v20210222-1948.jar:1.7.1]
	at org.junit.platform.engine.support.hierarchical.NodeTestTask$$Lambda$151/0x0000000000000000.execute(Unknown Source) [org.junit.platform.engine_1.7.1.v20210222-1948.jar:1.7.1]
	at org.junit.platform.engine.support.hierarchical.ThrowableCollector.execute(ThrowableCollector.java:73) [org.junit.platform.engine_1.7.1.v20210222-1948.jar:1.7.1]
	at org.junit.platform.engine.support.hierarchical.NodeTestTask.executeRecursively(NodeTestTask.java:126) [org.junit.platform.engine_1.7.1.v20210222-1948.jar:1.7.1]
	at org.junit.platform.engine.support.hierarchical.NodeTestTask.execute(NodeTestTask.java:84) [org.junit.platform.engine_1.7.1.v20210222-1948.jar:1.7.1]
	at org.junit.platform.engine.support.hierarchical.SameThreadHierarchicalTestExecutorService$$Lambda$225/0x0000000000000000.accept(Unknown Source) [org.junit.platform.engine_1.7.1.v20210222-1948.jar:1.7.1]
	at java.util.ArrayList.forEach(ArrayList.java:1259) [?:1.8.0_292]
	at org.junit.platform.engine.support.hierarchical.SameThreadHierarchicalTestExecutorService.invokeAll(SameThreadHierarchicalTestExecutorService.java:38) [org.junit.platform.engine_1.7.1.v20210222-1948.jar:1.7.1]
	at org.junit.platform.engine.support.hierarchical.NodeTestTask.lambda$executeRecursively$5(NodeTestTask.java:143) [org.junit.platform.engine_1.7.1.v20210222-1948.jar:1.7.1]
	at org.junit.platform.engine.support.hierarchical.NodeTestTask$$Lambda$151/0x0000000000000000.execute(Unknown Source) [org.junit.platform.engine_1.7.1.v20210222-1948.jar:1.7.1]
	at org.junit.platform.engine.support.hierarchical.ThrowableCollector.execute(ThrowableCollector.java:73) [org.junit.platform.engine_1.7.1.v20210222-1948.jar:1.7.1]
	at org.junit.platform.engine.support.hierarchical.NodeTestTask.lambda$executeRecursively$7(NodeTestTask.java:129) [org.junit.platform.engine_1.7.1.v20210222-1948.jar:1.7.1]
	at org.junit.platform.engine.support.hierarchical.NodeTestTask$$Lambda$152/0x0000000000000000.invoke(Unknown Source) [org.junit.platform.engine_1.7.1.v20210222-1948.jar:1.7.1]
	at org.junit.platform.engine.support.hierarchical.Node.around(Node.java:137) [org.junit.platform.engine_1.7.1.v20210222-1948.jar:1.7.1]
	at org.junit.platform.engine.support.hierarchical.NodeTestTask.lambda$executeRecursively$8(NodeTestTask.java:127) [org.junit.platform.engine_1.7.1.v20210222-1948.jar:1.7.1]
	at org.junit.platform.engine.support.hierarchical.NodeTestTask$$Lambda$151/0x0000000000000000.execute(Unknown Source) [org.junit.platform.engine_1.7.1.v20210222-1948.jar:1.7.1]
	at org.junit.platform.engine.support.hierarchical.ThrowableCollector.execute(ThrowableCollector.java:73) [org.junit.platform.engine_1.7.1.v20210222-1948.jar:1.7.1]
	at org.junit.platform.engine.support.hierarchical.NodeTestTask.executeRecursively(NodeTestTask.java:126) [org.junit.platform.engine_1.7.1.v20210222-1948.jar:1.7.1]
	at org.junit.platform.engine.support.hierarchical.NodeTestTask.execute(NodeTestTask.java:84) [org.junit.platform.engine_1.7.1.v20210222-1948.jar:1.7.1]
	at org.junit.platform.engine.support.hierarchical.SameThreadHierarchicalTestExecutorService.submit(SameThreadHierarchicalTestExecutorService.java:32) [org.junit.platform.engine_1.7.1.v20210222-1948.jar:1.7.1]
	at org.junit.platform.engine.support.hierarchical.HierarchicalTestExecutor.execute(HierarchicalTestExecutor.java:57) [org.junit.platform.engine_1.7.1.v20210222-1948.jar:1.7.1]
	at org.junit.platform.engine.support.hierarchical.HierarchicalTestEngine.execute(HierarchicalTestEngine.java:51) [org.junit.platform.engine_1.7.1.v20210222-1948.jar:1.7.1]
	at org.junit.platform.launcher.core.EngineExecutionOrchestrator.execute(EngineExecutionOrchestrator.java:108) [org.junit.platform.launcher_1.7.1.v20210222-1948.jar:1.7.1]
	at org.junit.platform.launcher.core.EngineExecutionOrchestrator.execute(EngineExecutionOrchestrator.java:88) [org.junit.platform.launcher_1.7.1.v20210222-1948.jar:1.7.1]
	at org.junit.platform.launcher.core.EngineExecutionOrchestrator.lambda$execute$0(EngineExecutionOrchestrator.java:54) [org.junit.platform.launcher_1.7.1.v20210222-1948.jar:1.7.1]
	at org.junit.platform.launcher.core.EngineExecutionOrchestrator$$Lambda$180/0x0000000000000000.accept(Unknown Source) [org.junit.platform.launcher_1.7.1.v20210222-1948.jar:1.7.1]
	at org.junit.platform.launcher.core.EngineExecutionOrchestrator.withInterceptedStreams(EngineExecutionOrchestrator.java:67) [org.junit.platform.launcher_1.7.1.v20210222-1948.jar:1.7.1]
	at org.junit.platform.launcher.core.EngineExecutionOrchestrator.execute(EngineExecutionOrchestrator.java:52) [org.junit.platform.launcher_1.7.1.v20210222-1948.jar:1.7.1]
	at org.junit.platform.launcher.core.DefaultLauncher.execute(DefaultLauncher.java:96) [org.junit.platform.launcher_1.7.1.v20210222-1948.jar:1.7.1]
	at org.junit.platform.launcher.core.DefaultLauncher.execute(DefaultLauncher.java:84) [org.junit.platform.launcher_1.7.1.v20210222-1948.jar:1.7.1]
	at org.eclipse.jdt.internal.junit5.runner.JUnit5TestReference.run(JUnit5TestReference.java:98) [.cp/:?]
	at org.eclipse.jdt.internal.junit.runner.TestExecution.run(TestExecution.java:40) [.cp/:?]
	at org.eclipse.jdt.internal.junit.runner.RemoteTestRunner.runTests(RemoteTestRunner.java:529) [.cp/:?]
	at org.eclipse.jdt.internal.junit.runner.RemoteTestRunner.runTests(RemoteTestRunner.java:756) [.cp/:?]
	at org.eclipse.jdt.internal.junit.runner.RemoteTestRunner.run(RemoteTestRunner.java:452) [.cp/:?]
	at org.eclipse.jdt.internal.junit.runner.RemoteTestRunner.main(RemoteTestRunner.java:210) [.cp/:?]
2021-11-17 00:23:34.226 [main] INFO  ParkingService - Please type the vehicle registration number and press enter key
2021-11-17 00:23:34.227 [main] INFO  ParkingService - --------------------------------------------------------------------------------------------
2021-11-17 00:23:34.227 [main] INFO  ParkingService - Error, Incoming Vehicule. Please set an other Registration Number.
2021-11-17 00:23:34.227 [main] INFO  ParkingService - This vehicule seems already park in. Thanks
2021-11-17 00:23:34.231 [main] INFO  ParkingService - Please type the vehicle registration number and press enter key
2021-11-17 00:23:34.832 [main] INFO  DataBaseConfig - Create DB connection
2021-11-17 00:23:34.842 [main] INFO  DataBaseConfig - Closing Result Set
2021-11-17 00:23:34.842 [main] INFO  DataBaseConfig - Closing Prepared Statement
2021-11-17 00:23:34.842 [main] INFO  DataBaseConfig - Closing DB connection
2021-11-17 00:23:34.843 [main] INFO  ParkingService - --------------------------------------------------------------------------------------------
2021-11-17 00:23:34.843 [main] INFO  ParkingService - Please pay the parking fare: 1.5€ for: 60 minutes of park.
2021-11-17 00:23:34.843 [main] INFO  ParkingService - Recorded out-time for vehicle number: ABCDEF / Out-time The: 2021-11-17 at 00:23:34.832
2021-11-17 00:23:34.843 [main] INFO  ParkingService - ============================================================================================
2021-11-17 00:23:34.849 [main] INFO  ParkingService - Please select vehicle type from menu
2021-11-17 00:23:34.849 [main] INFO  ParkingService - 1 CAR
2021-11-17 00:23:34.849 [main] INFO  ParkingService - 2 BIKE
2021-11-17 00:23:34.849 [main] INFO  ParkingService - Please type the vehicle registration number and press enter key
2021-11-17 00:23:34.850 [main] INFO  ParkingService - ============================================================================================
2021-11-17 00:23:34.850 [main] INFO  ParkingService - Generated Ticket and saved in DataBase
2021-11-17 00:23:34.850 [main] INFO  ParkingService - Please park your vehicle in spot number: 1
2021-11-17 00:23:34.850 [main] INFO  ParkingService - Recorded in-time for vehicle number: ABCDEF / In-time The: 2021-11-17 at 00:23:34.850
2021-11-17 00:23:34.851 [main] INFO  ParkingService - --------------------------------------------------------------------------------------------
2021-11-17 00:23:34.857 [main] INFO  ParkingService - Please type the vehicle registration number and press enter key
2021-11-17 00:23:35.458 [main] INFO  DataBaseConfig - Create DB connection
2021-11-17 00:23:35.468 [main] INFO  DataBaseConfig - Closing Result Set
2021-11-17 00:23:35.468 [main] INFO  DataBaseConfig - Closing Prepared Statement
2021-11-17 00:23:35.469 [main] INFO  DataBaseConfig - Closing DB connection
2021-11-17 00:23:35.469 [main] INFO  ParkingService - Unable to update ticket information. Error occurred
