2021-11-16 17:55:35.970 [main] INFO  DataBaseTestConfig - Create DB connection
2021-11-16 17:55:36.196 [main] INFO  DataBaseTestConfig - Closing DB connection
2021-11-16 17:55:36.198 [main] INFO  ParkingService - Please select vehicle type from menu
2021-11-16 17:55:36.198 [main] INFO  ParkingService - 1 CAR
2021-11-16 17:55:36.198 [main] INFO  ParkingService - 2 BIKE
2021-11-16 17:55:36.200 [main] INFO  DataBaseTestConfig - Create DB connection
2021-11-16 17:55:36.218 [main] INFO  DataBaseTestConfig - Closing Result Set
2021-11-16 17:55:36.218 [main] INFO  DataBaseTestConfig - Closing Prepared Statement
2021-11-16 17:55:36.218 [main] INFO  DataBaseTestConfig - Closing DB connection
2021-11-16 17:55:36.219 [main] INFO  ParkingService - Please type the vehicle registration number and press enter key
2021-11-16 17:55:36.219 [main] INFO  DataBaseTestConfig - Create DB connection
2021-11-16 17:55:36.234 [main] INFO  DataBaseTestConfig - Closing Result Set
2021-11-16 17:55:36.234 [main] INFO  DataBaseTestConfig - Closing Prepared Statement
2021-11-16 17:55:36.234 [main] INFO  DataBaseTestConfig - Closing DB connection
2021-11-16 17:55:36.234 [main] INFO  DataBaseTestConfig - Create DB connection
2021-11-16 17:55:36.249 [main] INFO  DataBaseTestConfig - Closing Prepared Statement
2021-11-16 17:55:36.249 [main] INFO  DataBaseTestConfig - Closing DB connection
2021-11-16 17:55:36.256 [main] INFO  DataBaseTestConfig - Create DB connection
2021-11-16 17:55:36.270 [main] INFO  DataBaseTestConfig - Closing Result Set
2021-11-16 17:55:36.270 [main] INFO  DataBaseTestConfig - Closing Prepared Statement
2021-11-16 17:55:36.270 [main] INFO  DataBaseTestConfig - Closing DB connection
2021-11-16 17:55:36.270 [main] INFO  DataBaseTestConfig - Create DB connection
2021-11-16 17:55:36.291 [main] INFO  DataBaseTestConfig - Closing DB connection
2021-11-16 17:55:36.291 [main] INFO  ParkingService - ============================================================================================
2021-11-16 17:55:36.291 [main] INFO  ParkingService - Generated Ticket and saved in DataBase
2021-11-16 17:55:36.291 [main] INFO  ParkingService - Please park your vehicle in spot number: 1
2021-11-16 17:55:36.291 [main] INFO  ParkingService - Recorded in-time for vehicle number: ABCDEF / In-time The: 2021-11-16 at 17:55:36.255
2021-11-16 17:55:36.291 [main] INFO  ParkingService - --------------------------------------------------------------------------------------------
2021-11-16 17:55:36.291 [main] INFO  ParkingService - Please type the vehicle registration number and press enter key
2021-11-16 17:55:36.292 [main] INFO  DataBaseTestConfig - Create DB connection
2021-11-16 17:55:36.307 [main] INFO  DataBaseTestConfig - Closing Result Set
2021-11-16 17:55:36.307 [main] INFO  DataBaseTestConfig - Closing Prepared Statement
2021-11-16 17:55:36.308 [main] INFO  DataBaseTestConfig - Closing DB connection
2021-11-16 17:55:36.919 [main] INFO  DataBaseTestConfig - Create DB connection
2021-11-16 17:55:36.932 [main] INFO  DataBaseTestConfig - Closing DB connection
2021-11-16 17:55:36.932 [main] INFO  DataBaseTestConfig - Create DB connection
2021-11-16 17:55:36.941 [main] INFO  DataBaseTestConfig - Closing Prepared Statement
2021-11-16 17:55:36.941 [main] INFO  DataBaseTestConfig - Closing DB connection
2021-11-16 17:55:36.942 [main] INFO  ParkingService - --------------------------------------------------------------------------------------------
2021-11-16 17:55:36.942 [main] INFO  ParkingService - Please pay the parking fare: 0.0€ for: 0 minutes of park.
2021-11-16 17:55:36.942 [main] INFO  ParkingService - Recorded out-time for vehicle number: ABCDEF / Out-time The: 2021-11-16 at 17:55:36.918
2021-11-16 17:55:36.942 [main] INFO  ParkingService - ============================================================================================
2021-11-16 17:55:36.942 [main] INFO  DataBaseTestConfig - Create DB connection
2021-11-16 17:55:36.953 [main] INFO  DataBaseTestConfig - Closing Result Set
2021-11-16 17:55:36.953 [main] INFO  DataBaseTestConfig - Closing Prepared Statement
2021-11-16 17:55:36.953 [main] INFO  DataBaseTestConfig - Closing DB connection
2021-11-16 17:55:36.961 [main] INFO  DataBaseTestConfig - Create DB connection
2021-11-16 17:55:36.977 [main] INFO  DataBaseTestConfig - Closing DB connection
2021-11-16 17:55:36.978 [main] INFO  ParkingService - Please select vehicle type from menu
2021-11-16 17:55:36.978 [main] INFO  ParkingService - 1 CAR
2021-11-16 17:55:36.978 [main] INFO  ParkingService - 2 BIKE
2021-11-16 17:55:36.978 [main] INFO  DataBaseTestConfig - Create DB connection
2021-11-16 17:55:36.988 [main] INFO  DataBaseTestConfig - Closing Result Set
2021-11-16 17:55:36.989 [main] INFO  DataBaseTestConfig - Closing Prepared Statement
2021-11-16 17:55:36.989 [main] INFO  DataBaseTestConfig - Closing DB connection
2021-11-16 17:55:36.989 [main] INFO  ParkingService - Please type the vehicle registration number and press enter key
2021-11-16 17:55:36.989 [main] INFO  DataBaseTestConfig - Create DB connection
2021-11-16 17:55:37.000 [main] INFO  DataBaseTestConfig - Closing Result Set
2021-11-16 17:55:37.000 [main] INFO  DataBaseTestConfig - Closing Prepared Statement
2021-11-16 17:55:37.001 [main] INFO  DataBaseTestConfig - Closing DB connection
2021-11-16 17:55:37.001 [main] INFO  DataBaseTestConfig - Create DB connection
2021-11-16 17:55:37.010 [main] INFO  DataBaseTestConfig - Closing Prepared Statement
2021-11-16 17:55:37.010 [main] INFO  DataBaseTestConfig - Closing DB connection
2021-11-16 17:55:37.010 [main] INFO  DataBaseTestConfig - Create DB connection
2021-11-16 17:55:37.020 [main] INFO  DataBaseTestConfig - Closing Result Set
2021-11-16 17:55:37.020 [main] INFO  DataBaseTestConfig - Closing Prepared Statement
2021-11-16 17:55:37.020 [main] INFO  DataBaseTestConfig - Closing DB connection
2021-11-16 17:55:37.020 [main] INFO  DataBaseTestConfig - Create DB connection
2021-11-16 17:55:37.031 [main] INFO  DataBaseTestConfig - Closing DB connection
2021-11-16 17:55:37.031 [main] INFO  ParkingService - ============================================================================================
2021-11-16 17:55:37.031 [main] INFO  ParkingService - Generated Ticket and saved in DataBase
2021-11-16 17:55:37.031 [main] INFO  ParkingService - Please park your vehicle in spot number: 1
2021-11-16 17:55:37.031 [main] INFO  ParkingService - Recorded in-time for vehicle number: ABCDEF / In-time The: 2021-11-16 at 17:55:37.010
2021-11-16 17:55:37.032 [main] INFO  ParkingService - --------------------------------------------------------------------------------------------
2021-11-16 17:55:37.032 [main] INFO  DataBaseTestConfig - Create DB connection
2021-11-16 17:55:37.040 [main] INFO  DataBaseTestConfig - Create DB connection
2021-11-16 17:55:37.048 [main] INFO  DataBaseTestConfig - Closing Result Set
2021-11-16 17:55:37.049 [main] INFO  DataBaseTestConfig - Closing Prepared Statement
2021-11-16 17:55:37.049 [main] INFO  DataBaseTestConfig - Closing DB connection
2021-11-16 17:55:37.049 [main] INFO  DataBaseTestConfig - Create DB connection
2021-11-16 17:55:37.057 [main] INFO  DataBaseTestConfig - Closing Prepared Statement
2021-11-16 17:55:37.057 [main] INFO  DataBaseTestConfig - Closing DB connection
2021-11-16 17:55:37.059 [main] INFO  DataBaseTestConfig - Create DB connection
2021-11-16 17:55:37.073 [main] INFO  DataBaseTestConfig - Closing DB connection
2021-11-16 17:55:37.073 [main] INFO  ParkingService - Please select vehicle type from menu
2021-11-16 17:55:37.073 [main] INFO  ParkingService - 1 CAR
2021-11-16 17:55:37.073 [main] INFO  ParkingService - 2 BIKE
2021-11-16 17:55:37.073 [main] INFO  DataBaseTestConfig - Create DB connection
2021-11-16 17:55:37.081 [main] INFO  DataBaseTestConfig - Closing Result Set
2021-11-16 17:55:37.081 [main] INFO  DataBaseTestConfig - Closing Prepared Statement
2021-11-16 17:55:37.082 [main] INFO  DataBaseTestConfig - Closing DB connection
2021-11-16 17:55:37.082 [main] INFO  ParkingService - Please type the vehicle registration number and press enter key
2021-11-16 17:55:37.082 [main] INFO  DataBaseTestConfig - Create DB connection
2021-11-16 17:55:37.091 [main] INFO  DataBaseTestConfig - Closing Result Set
2021-11-16 17:55:37.091 [main] INFO  DataBaseTestConfig - Closing Prepared Statement
2021-11-16 17:55:37.092 [main] INFO  DataBaseTestConfig - Closing DB connection
2021-11-16 17:55:37.092 [main] INFO  DataBaseTestConfig - Create DB connection
2021-11-16 17:55:37.110 [main] INFO  DataBaseTestConfig - Closing Prepared Statement
2021-11-16 17:55:37.110 [main] INFO  DataBaseTestConfig - Closing DB connection
2021-11-16 17:55:37.110 [main] INFO  DataBaseTestConfig - Create DB connection
2021-11-16 17:55:37.122 [main] INFO  DataBaseTestConfig - Closing Result Set
2021-11-16 17:55:37.122 [main] INFO  DataBaseTestConfig - Closing Prepared Statement
2021-11-16 17:55:37.122 [main] INFO  DataBaseTestConfig - Closing DB connection
2021-11-16 17:55:37.122 [main] INFO  DataBaseTestConfig - Create DB connection
2021-11-16 17:55:37.135 [main] INFO  DataBaseTestConfig - Closing DB connection
2021-11-16 17:55:37.135 [main] INFO  ParkingService - ============================================================================================
2021-11-16 17:55:37.135 [main] INFO  ParkingService - Generated Ticket and saved in DataBase
2021-11-16 17:55:37.135 [main] INFO  ParkingService - Please park your vehicle in spot number: 1
2021-11-16 17:55:37.135 [main] INFO  ParkingService - Recorded in-time for vehicle number: ABCDEF / In-time The: 2021-11-16 at 17:55:37.110
2021-11-16 17:55:37.135 [main] INFO  ParkingService - --------------------------------------------------------------------------------------------
2021-11-16 17:55:37.135 [main] INFO  DataBaseTestConfig - Create DB connection
2021-11-16 17:55:37.143 [main] INFO  DataBaseTestConfig - Closing Result Set
2021-11-16 17:55:37.143 [main] INFO  DataBaseTestConfig - Closing Prepared Statement
2021-11-16 17:55:37.143 [main] INFO  DataBaseTestConfig - Closing DB connection
2021-11-16 17:55:37.143 [main] INFO  DataBaseTestConfig - Create DB connection
2021-11-16 17:55:37.152 [main] INFO  DataBaseTestConfig - Closing Prepared Statement
2021-11-16 17:55:37.152 [main] INFO  DataBaseTestConfig - Closing DB connection
2021-11-16 17:55:37.152 [main] INFO  DataBaseTestConfig - Create DB connection
2021-11-16 17:55:37.160 [main] ERROR com.parkit.parkingsystem.dao.TicketDAO - Error fetching next available slot
java.lang.NullPointerException: null
	at com.parkit.parkingsystem.dao.TicketDAO.saveTicket(TicketDAO.java:30) [classes/:?]
	at com.parkit.parkingsystem.integration.ParkingDataBaseIT.testIfRecurrentUserWithReduction(ParkingDataBaseIT.java:123) [test-classes/:?]
	at sun.reflect.NativeMethodAccessorImpl.invoke0(Native Method) ~[?:1.8.0_292]
	at sun.reflect.NativeMethodAccessorImpl.invoke(NativeMethodAccessorImpl.java:62) ~[?:1.8.0_292]
	at sun.reflect.DelegatingMethodAccessorImpl.invoke(DelegatingMethodAccessorImpl.java:43) ~[?:1.8.0_292]
	at java.lang.reflect.Method.invoke(Method.java:498) ~[?:1.8.0_292]
	at org.junit.platform.commons.util.ReflectionUtils.invokeMethod(ReflectionUtils.java:688) [org.junit.platform.commons_1.7.1.v20210222-1948.jar:1.7.1]
	at org.junit.jupiter.engine.execution.MethodInvocation.proceed(MethodInvocation.java:60) [org.junit.jupiter.engine_5.7.1.v20210222-1948.jar:5.7.1]
	at org.junit.jupiter.engine.execution.InvocationInterceptorChain$ValidatingInvocation.proceed(InvocationInterceptorChain.java:131) [org.junit.jupiter.engine_5.7.1.v20210222-1948.jar:5.7.1]
	at org.junit.jupiter.engine.extension.TimeoutExtension.intercept(TimeoutExtension.java:149) [org.junit.jupiter.engine_5.7.1.v20210222-1948.jar:5.7.1]
	at org.junit.jupiter.engine.extension.TimeoutExtension.interceptTestableMethod(TimeoutExtension.java:140) [org.junit.jupiter.engine_5.7.1.v20210222-1948.jar:5.7.1]
	at org.junit.jupiter.engine.extension.TimeoutExtension.interceptTestMethod(TimeoutExtension.java:84) [org.junit.jupiter.engine_5.7.1.v20210222-1948.jar:5.7.1]
	at org.junit.jupiter.engine.descriptor.TestMethodTestDescriptor$$Lambda$118/0x0000000000000000.apply(Unknown Source) [org.junit.jupiter.engine_5.7.1.v20210222-1948.jar:5.7.1]
	at org.junit.jupiter.engine.execution.ExecutableInvoker$ReflectiveInterceptorCall.lambda$ofVoidMethod$0(ExecutableInvoker.java:115) [org.junit.jupiter.engine_5.7.1.v20210222-1948.jar:5.7.1]
	at org.junit.jupiter.engine.execution.ExecutableInvoker$ReflectiveInterceptorCall$$Lambda$119/0x0000000000000000.apply(Unknown Source) [org.junit.jupiter.engine_5.7.1.v20210222-1948.jar:5.7.1]
	at org.junit.jupiter.engine.execution.ExecutableInvoker.lambda$invoke$0(ExecutableInvoker.java:105) [org.junit.jupiter.engine_5.7.1.v20210222-1948.jar:5.7.1]
	at org.junit.jupiter.engine.execution.ExecutableInvoker$$Lambda$275/0x0000000000000000.apply(Unknown Source) [org.junit.jupiter.engine_5.7.1.v20210222-1948.jar:5.7.1]
	at org.junit.jupiter.engine.execution.InvocationInterceptorChain$InterceptedInvocation.proceed(InvocationInterceptorChain.java:106) [org.junit.jupiter.engine_5.7.1.v20210222-1948.jar:5.7.1]
	at org.junit.jupiter.engine.execution.InvocationInterceptorChain.proceed(InvocationInterceptorChain.java:64) [org.junit.jupiter.engine_5.7.1.v20210222-1948.jar:5.7.1]
	at org.junit.jupiter.engine.execution.InvocationInterceptorChain.chainAndInvoke(InvocationInterceptorChain.java:45) [org.junit.jupiter.engine_5.7.1.v20210222-1948.jar:5.7.1]
	at org.junit.jupiter.engine.execution.InvocationInterceptorChain.invoke(InvocationInterceptorChain.java:37) [org.junit.jupiter.engine_5.7.1.v20210222-1948.jar:5.7.1]
	at org.junit.jupiter.engine.execution.ExecutableInvoker.invoke(ExecutableInvoker.java:104) [org.junit.jupiter.engine_5.7.1.v20210222-1948.jar:5.7.1]
	at org.junit.jupiter.engine.execution.ExecutableInvoker.invoke(ExecutableInvoker.java:98) [org.junit.jupiter.engine_5.7.1.v20210222-1948.jar:5.7.1]
	at org.junit.jupiter.engine.descriptor.TestMethodTestDescriptor.lambda$invokeTestMethod$6(TestMethodTestDescriptor.java:210) [org.junit.jupiter.engine_5.7.1.v20210222-1948.jar:5.7.1]
	at org.junit.jupiter.engine.descriptor.TestMethodTestDescriptor$$Lambda$222/0x0000000000000000.execute(Unknown Source) [org.junit.jupiter.engine_5.7.1.v20210222-1948.jar:5.7.1]
	at org.junit.platform.engine.support.hierarchical.ThrowableCollector.execute(ThrowableCollector.java:73) [org.junit.platform.engine_1.7.1.v20210222-1948.jar:1.7.1]
	at org.junit.jupiter.engine.descriptor.TestMethodTestDescriptor.invokeTestMethod(TestMethodTestDescriptor.java:206) [org.junit.jupiter.engine_5.7.1.v20210222-1948.jar:5.7.1]
	at org.junit.jupiter.engine.descriptor.TestMethodTestDescriptor.execute(TestMethodTestDescriptor.java:131) [org.junit.jupiter.engine_5.7.1.v20210222-1948.jar:5.7.1]
	at org.junit.jupiter.engine.descriptor.TestMethodTestDescriptor.execute(TestMethodTestDescriptor.java:65) [org.junit.jupiter.engine_5.7.1.v20210222-1948.jar:5.7.1]
	at org.junit.platform.engine.support.hierarchical.NodeTestTask.lambda$executeRecursively$5(NodeTestTask.java:139) [org.junit.platform.engine_1.7.1.v20210222-1948.jar:1.7.1]
	at org.junit.platform.engine.support.hierarchical.NodeTestTask$$Lambda$151/0x0000000000000000.execute(Unknown Source) [org.junit.platform.engine_1.7.1.v20210222-1948.jar:1.7.1]
	at org.junit.platform.engine.support.hierarchical.ThrowableCollector.execute(ThrowableCollector.java:73) [org.junit.platform.engine_1.7.1.v20210222-1948.jar:1.7.1]
	at org.junit.platform.engine.support.hierarchical.NodeTestTask.lambda$executeRecursively$7(NodeTestTask.java:129) [org.junit.platform.engine_1.7.1.v20210222-1948.jar:1.7.1]
	at org.junit.platform.engine.support.hierarchical.NodeTestTask$$Lambda$152/0x0000000000000000.invoke(Unknown Source) [org.junit.platform.engine_1.7.1.v20210222-1948.jar:1.7.1]
	at org.junit.platform.engine.support.hierarchical.Node.around(Node.java:137) [org.junit.platform.engine_1.7.1.v20210222-1948.jar:1.7.1]
	at org.junit.platform.engine.support.hierarchical.NodeTestTask.lambda$executeRecursively$8(NodeTestTask.java:127) [org.junit.platform.engine_1.7.1.v20210222-1948.jar:1.7.1]
	at org.junit.platform.engine.support.hierarchical.NodeTestTask$$Lambda$151/0x0000000000000000.execute(Unknown Source) [org.junit.platform.engine_1.7.1.v20210222-1948.jar:1.7.1]
	at org.junit.platform.engine.support.hierarchical.ThrowableCollector.execute(ThrowableCollector.java:73) [org.junit.platform.engine_1.7.1.v20210222-1948.jar:1.7.1]
	at org.junit.platform.engine.support.hierarchical.NodeTestTask.executeRecursively(NodeTestTask.java:126) [org.junit.platform.engine_1.7.1.v20210222-1948.jar:1.7.1]
	at org.junit.platform.engine.support.hierarchical.NodeTestTask.execute(NodeTestTask.java:84) [org.junit.platform.engine_1.7.1.v20210222-1948.jar:1.7.1]
	at org.junit.platform.engine.support.hierarchical.SameThreadHierarchicalTestExecutorService$$Lambda$225/0x0000000000000000.accept(Unknown Source) [org.junit.platform.engine_1.7.1.v20210222-1948.jar:1.7.1]
	at java.util.ArrayList.forEach(ArrayList.java:1259) [?:1.8.0_292]
	at org.junit.platform.engine.support.hierarchical.SameThreadHierarchicalTestExecutorService.invokeAll(SameThreadHierarchicalTestExecutorService.java:38) [org.junit.platform.engine_1.7.1.v20210222-1948.jar:1.7.1]
	at org.junit.platform.engine.support.hierarchical.NodeTestTask.lambda$executeRecursively$5(NodeTestTask.java:143) [org.junit.platform.engine_1.7.1.v20210222-1948.jar:1.7.1]
	at org.junit.platform.engine.support.hierarchical.NodeTestTask$$Lambda$151/0x0000000000000000.execute(Unknown Source) [org.junit.platform.engine_1.7.1.v20210222-1948.jar:1.7.1]
	at org.junit.platform.engine.support.hierarchical.ThrowableCollector.execute(ThrowableCollector.java:73) [org.junit.platform.engine_1.7.1.v20210222-1948.jar:1.7.1]
	at org.junit.platform.engine.support.hierarchical.NodeTestTask.lambda$executeRecursively$7(NodeTestTask.java:129) [org.junit.platform.engine_1.7.1.v20210222-1948.jar:1.7.1]
	at org.junit.platform.engine.support.hierarchical.NodeTestTask$$Lambda$152/0x0000000000000000.invoke(Unknown Source) [org.junit.platform.engine_1.7.1.v20210222-1948.jar:1.7.1]
	at org.junit.platform.engine.support.hierarchical.Node.around(Node.java:137) [org.junit.platform.engine_1.7.1.v20210222-1948.jar:1.7.1]
	at org.junit.platform.engine.support.hierarchical.NodeTestTask.lambda$executeRecursively$8(NodeTestTask.java:127) [org.junit.platform.engine_1.7.1.v20210222-1948.jar:1.7.1]
	at org.junit.platform.engine.support.hierarchical.NodeTestTask$$Lambda$151/0x0000000000000000.execute(Unknown Source) [org.junit.platform.engine_1.7.1.v20210222-1948.jar:1.7.1]
	at org.junit.platform.engine.support.hierarchical.ThrowableCollector.execute(ThrowableCollector.java:73) [org.junit.platform.engine_1.7.1.v20210222-1948.jar:1.7.1]
	at org.junit.platform.engine.support.hierarchical.NodeTestTask.executeRecursively(NodeTestTask.java:126) [org.junit.platform.engine_1.7.1.v20210222-1948.jar:1.7.1]
	at org.junit.platform.engine.support.hierarchical.NodeTestTask.execute(NodeTestTask.java:84) [org.junit.platform.engine_1.7.1.v20210222-1948.jar:1.7.1]
	at org.junit.platform.engine.support.hierarchical.SameThreadHierarchicalTestExecutorService$$Lambda$225/0x0000000000000000.accept(Unknown Source) [org.junit.platform.engine_1.7.1.v20210222-1948.jar:1.7.1]
	at java.util.ArrayList.forEach(ArrayList.java:1259) [?:1.8.0_292]
	at org.junit.platform.engine.support.hierarchical.SameThreadHierarchicalTestExecutorService.invokeAll(SameThreadHierarchicalTestExecutorService.java:38) [org.junit.platform.engine_1.7.1.v20210222-1948.jar:1.7.1]
	at org.junit.platform.engine.support.hierarchical.NodeTestTask.lambda$executeRecursively$5(NodeTestTask.java:143) [org.junit.platform.engine_1.7.1.v20210222-1948.jar:1.7.1]
	at org.junit.platform.engine.support.hierarchical.NodeTestTask$$Lambda$151/0x0000000000000000.execute(Unknown Source) [org.junit.platform.engine_1.7.1.v20210222-1948.jar:1.7.1]
	at org.junit.platform.engine.support.hierarchical.ThrowableCollector.execute(ThrowableCollector.java:73) [org.junit.platform.engine_1.7.1.v20210222-1948.jar:1.7.1]
	at org.junit.platform.engine.support.hierarchical.NodeTestTask.lambda$executeRecursively$7(NodeTestTask.java:129) [org.junit.platform.engine_1.7.1.v20210222-1948.jar:1.7.1]
	at org.junit.platform.engine.support.hierarchical.NodeTestTask$$Lambda$152/0x0000000000000000.invoke(Unknown Source) [org.junit.platform.engine_1.7.1.v20210222-1948.jar:1.7.1]
	at org.junit.platform.engine.support.hierarchical.Node.around(Node.java:137) [org.junit.platform.engine_1.7.1.v20210222-1948.jar:1.7.1]
	at org.junit.platform.engine.support.hierarchical.NodeTestTask.lambda$executeRecursively$8(NodeTestTask.java:127) [org.junit.platform.engine_1.7.1.v20210222-1948.jar:1.7.1]
	at org.junit.platform.engine.support.hierarchical.NodeTestTask$$Lambda$151/0x0000000000000000.execute(Unknown Source) [org.junit.platform.engine_1.7.1.v20210222-1948.jar:1.7.1]
	at org.junit.platform.engine.support.hierarchical.ThrowableCollector.execute(ThrowableCollector.java:73) [org.junit.platform.engine_1.7.1.v20210222-1948.jar:1.7.1]
	at org.junit.platform.engine.support.hierarchical.NodeTestTask.executeRecursively(NodeTestTask.java:126) [org.junit.platform.engine_1.7.1.v20210222-1948.jar:1.7.1]
	at org.junit.platform.engine.support.hierarchical.NodeTestTask.execute(NodeTestTask.java:84) [org.junit.platform.engine_1.7.1.v20210222-1948.jar:1.7.1]
	at org.junit.platform.engine.support.hierarchical.SameThreadHierarchicalTestExecutorService.submit(SameThreadHierarchicalTestExecutorService.java:32) [org.junit.platform.engine_1.7.1.v20210222-1948.jar:1.7.1]
	at org.junit.platform.engine.support.hierarchical.HierarchicalTestExecutor.execute(HierarchicalTestExecutor.java:57) [org.junit.platform.engine_1.7.1.v20210222-1948.jar:1.7.1]
	at org.junit.platform.engine.support.hierarchical.HierarchicalTestEngine.execute(HierarchicalTestEngine.java:51) [org.junit.platform.engine_1.7.1.v20210222-1948.jar:1.7.1]
	at org.junit.platform.launcher.core.EngineExecutionOrchestrator.execute(EngineExecutionOrchestrator.java:108) [org.junit.platform.launcher_1.7.1.v20210222-1948.jar:1.7.1]
	at org.junit.platform.launcher.core.EngineExecutionOrchestrator.execute(EngineExecutionOrchestrator.java:88) [org.junit.platform.launcher_1.7.1.v20210222-1948.jar:1.7.1]
	at org.junit.platform.launcher.core.EngineExecutionOrchestrator.lambda$execute$0(EngineExecutionOrchestrator.java:54) [org.junit.platform.launcher_1.7.1.v20210222-1948.jar:1.7.1]
	at org.junit.platform.launcher.core.EngineExecutionOrchestrator$$Lambda$180/0x0000000000000000.accept(Unknown Source) [org.junit.platform.launcher_1.7.1.v20210222-1948.jar:1.7.1]
	at org.junit.platform.launcher.core.EngineExecutionOrchestrator.withInterceptedStreams(EngineExecutionOrchestrator.java:67) [org.junit.platform.launcher_1.7.1.v20210222-1948.jar:1.7.1]
	at org.junit.platform.launcher.core.EngineExecutionOrchestrator.execute(EngineExecutionOrchestrator.java:52) [org.junit.platform.launcher_1.7.1.v20210222-1948.jar:1.7.1]
	at org.junit.platform.launcher.core.DefaultLauncher.execute(DefaultLauncher.java:96) [org.junit.platform.launcher_1.7.1.v20210222-1948.jar:1.7.1]
	at org.junit.platform.launcher.core.DefaultLauncher.execute(DefaultLauncher.java:84) [org.junit.platform.launcher_1.7.1.v20210222-1948.jar:1.7.1]
	at org.eclipse.jdt.internal.junit5.runner.JUnit5TestReference.run(JUnit5TestReference.java:98) [.cp/:?]
	at org.eclipse.jdt.internal.junit.runner.TestExecution.run(TestExecution.java:40) [.cp/:?]
	at org.eclipse.jdt.internal.junit.runner.RemoteTestRunner.runTests(RemoteTestRunner.java:529) [.cp/:?]
	at org.eclipse.jdt.internal.junit.runner.RemoteTestRunner.runTests(RemoteTestRunner.java:756) [.cp/:?]
	at org.eclipse.jdt.internal.junit.runner.RemoteTestRunner.run(RemoteTestRunner.java:452) [.cp/:?]
	at org.eclipse.jdt.internal.junit.runner.RemoteTestRunner.main(RemoteTestRunner.java:210) [.cp/:?]
2021-11-16 17:55:37.164 [main] INFO  DataBaseTestConfig - Closing DB connection
2021-11-16 17:55:37.164 [main] INFO  ParkingService - Please type the vehicle registration number and press enter key
2021-11-16 17:55:37.164 [main] INFO  DataBaseTestConfig - Create DB connection
2021-11-16 17:55:37.173 [main] INFO  DataBaseTestConfig - Closing Result Set
2021-11-16 17:55:37.173 [main] INFO  DataBaseTestConfig - Closing Prepared Statement
2021-11-16 17:55:37.173 [main] INFO  DataBaseTestConfig - Closing DB connection
2021-11-16 17:55:37.780 [main] INFO  DataBaseTestConfig - Create DB connection
2021-11-16 17:55:37.791 [main] INFO  DataBaseTestConfig - Closing DB connection
2021-11-16 17:55:37.791 [main] INFO  DataBaseTestConfig - Create DB connection
2021-11-16 17:55:37.799 [main] INFO  DataBaseTestConfig - Closing Prepared Statement
2021-11-16 17:55:37.799 [main] INFO  DataBaseTestConfig - Closing DB connection
2021-11-16 17:55:37.799 [main] INFO  ParkingService - --------------------------------------------------------------------------------------------
2021-11-16 17:55:37.799 [main] INFO  ParkingService - Please pay the parking fare: 0.0€ for: 0 minutes of park.
2021-11-16 17:55:37.799 [main] INFO  ParkingService - Recorded out-time for vehicle number: ABCDEF / Out-time The: 2021-11-16 at 17:55:37.780
2021-11-16 17:55:37.799 [main] INFO  ParkingService - ============================================================================================
2021-11-16 17:55:37.799 [main] INFO  DataBaseTestConfig - Create DB connection
2021-11-16 17:55:37.808 [main] INFO  DataBaseTestConfig - Closing DB connection
2021-11-16 17:55:37.810 [main] INFO  DataBaseTestConfig - Create DB connection
2021-11-16 17:55:37.824 [main] INFO  DataBaseTestConfig - Closing DB connection
2021-11-16 17:55:37.824 [main] INFO  ParkingService - Please select vehicle type from menu
2021-11-16 17:55:37.824 [main] INFO  ParkingService - 1 CAR
2021-11-16 17:55:37.824 [main] INFO  ParkingService - 2 BIKE
2021-11-16 17:55:37.825 [main] INFO  DataBaseTestConfig - Create DB connection
2021-11-16 17:55:37.834 [main] INFO  DataBaseTestConfig - Closing Result Set
2021-11-16 17:55:37.835 [main] INFO  DataBaseTestConfig - Closing Prepared Statement
2021-11-16 17:55:37.835 [main] INFO  DataBaseTestConfig - Closing DB connection
2021-11-16 17:55:37.835 [main] INFO  DataBaseTestConfig - Create DB connection
2021-11-16 17:55:37.843 [main] INFO  DataBaseTestConfig - Closing Result Set
2021-11-16 17:55:37.843 [main] INFO  DataBaseTestConfig - Closing Prepared Statement
2021-11-16 17:55:37.844 [main] INFO  DataBaseTestConfig - Closing DB connection
2021-11-16 17:55:37.844 [main] INFO  ParkingService - Please select vehicle type from menu
2021-11-16 17:55:37.844 [main] INFO  ParkingService - 1 CAR
2021-11-16 17:55:37.844 [main] INFO  ParkingService - 2 BIKE
2021-11-16 17:55:37.844 [main] INFO  DataBaseTestConfig - Create DB connection
2021-11-16 17:55:37.852 [main] INFO  DataBaseTestConfig - Closing Result Set
2021-11-16 17:55:37.852 [main] INFO  DataBaseTestConfig - Closing Prepared Statement
2021-11-16 17:55:37.852 [main] INFO  DataBaseTestConfig - Closing DB connection
2021-11-16 17:55:37.852 [main] INFO  ParkingService - Please type the vehicle registration number and press enter key
2021-11-16 17:55:37.853 [main] INFO  DataBaseTestConfig - Create DB connection
2021-11-16 17:55:37.862 [main] INFO  DataBaseTestConfig - Closing Result Set
2021-11-16 17:55:37.862 [main] INFO  DataBaseTestConfig - Closing Prepared Statement
2021-11-16 17:55:37.863 [main] INFO  DataBaseTestConfig - Closing DB connection
2021-11-16 17:55:37.863 [main] INFO  DataBaseTestConfig - Create DB connection
2021-11-16 17:55:37.871 [main] INFO  DataBaseTestConfig - Closing Prepared Statement
2021-11-16 17:55:37.871 [main] INFO  DataBaseTestConfig - Closing DB connection
2021-11-16 17:55:37.871 [main] INFO  DataBaseTestConfig - Create DB connection
2021-11-16 17:55:37.881 [main] INFO  DataBaseTestConfig - Closing Result Set
2021-11-16 17:55:37.881 [main] INFO  DataBaseTestConfig - Closing Prepared Statement
2021-11-16 17:55:37.881 [main] INFO  DataBaseTestConfig - Closing DB connection
2021-11-16 17:55:37.881 [main] INFO  DataBaseTestConfig - Create DB connection
2021-11-16 17:55:37.891 [main] INFO  DataBaseTestConfig - Closing DB connection
2021-11-16 17:55:37.891 [main] INFO  ParkingService - ============================================================================================
2021-11-16 17:55:37.891 [main] INFO  ParkingService - Generated Ticket and saved in DataBase
2021-11-16 17:55:37.891 [main] INFO  ParkingService - Please park your vehicle in spot number: 1
2021-11-16 17:55:37.891 [main] INFO  ParkingService - Recorded in-time for vehicle number: ABCDEF / In-time The: 2021-11-16 at 17:55:37.871
2021-11-16 17:55:37.891 [main] INFO  ParkingService - --------------------------------------------------------------------------------------------
2021-11-16 17:55:37.891 [main] INFO  ParkingService - Please select vehicle type from menu
2021-11-16 17:55:37.891 [main] INFO  ParkingService - 1 CAR
2021-11-16 17:55:37.892 [main] INFO  ParkingService - 2 BIKE
2021-11-16 17:55:37.892 [main] INFO  DataBaseTestConfig - Create DB connection
2021-11-16 17:55:37.900 [main] INFO  DataBaseTestConfig - Closing Result Set
2021-11-16 17:55:37.900 [main] INFO  DataBaseTestConfig - Closing Prepared Statement
2021-11-16 17:55:37.901 [main] INFO  DataBaseTestConfig - Closing DB connection
2021-11-16 17:55:37.931 [main] INFO  DataBaseTestConfig - Create DB connection
2021-11-16 17:55:37.941 [main] INFO  DataBaseTestConfig - Closing Result Set
2021-11-16 17:55:37.941 [main] INFO  DataBaseTestConfig - Closing Prepared Statement
2021-11-16 17:55:37.941 [main] INFO  DataBaseTestConfig - Closing DB connection
2021-11-16 17:55:37.941 [main] INFO  DataBaseTestConfig - Create DB connection
2021-11-16 17:55:37.950 [main] INFO  DataBaseTestConfig - Closing Result Set
2021-11-16 17:55:37.950 [main] INFO  DataBaseTestConfig - Closing Prepared Statement
2021-11-16 17:55:37.950 [main] INFO  DataBaseTestConfig - Closing DB connection
2021-11-16 17:55:37.993 [main] INFO  ParkingService - Please select vehicle type from menu
2021-11-16 17:55:37.993 [main] INFO  ParkingService - 1 CAR
2021-11-16 17:55:37.993 [main] INFO  ParkingService - 2 BIKE
2021-11-16 17:55:37.994 [main] INFO  ParkingService - Please type the vehicle registration number and press enter key
2021-11-16 17:55:37.996 [main] INFO  ParkingService - ============================================================================================
2021-11-16 17:55:37.996 [main] INFO  ParkingService - Generated Ticket and saved in DataBase
2021-11-16 17:55:37.996 [main] INFO  ParkingService - Please park your vehicle in spot number: 3
2021-11-16 17:55:37.996 [main] INFO  ParkingService - Recorded in-time for vehicle number: ABCDEF / In-time The: 2021-11-16 at 17:55:37.995
2021-11-16 17:55:37.996 [main] INFO  ParkingService - --------------------------------------------------------------------------------------------
2021-11-16 17:55:38.004 [main] INFO  ParkingService - Please select vehicle type from menu
2021-11-16 17:55:38.004 [main] INFO  ParkingService - 1 CAR
2021-11-16 17:55:38.004 [main] INFO  ParkingService - 2 BIKE
2021-11-16 17:55:38.005 [main] INFO  ParkingService - Please type the vehicle registration number and press enter key
2021-11-16 17:55:38.005 [main] INFO  ParkingService - --------------------------------------------------------------------------------------------
2021-11-16 17:55:38.005 [main] INFO  ParkingService - Error, Incoming Vehicule. Please set an other Registration Number.
2021-11-16 17:55:38.005 [main] INFO  ParkingService - This vehicule seems already park in. Thanks
2021-11-16 17:55:38.009 [main] INFO  ParkingService - Please type the vehicle registration number and press enter key
2021-11-16 17:55:38.620 [main] INFO  DataBaseConfig - Create DB connection
2021-11-16 17:55:38.630 [main] INFO  DataBaseConfig - Closing Result Set
2021-11-16 17:55:38.630 [main] INFO  DataBaseConfig - Closing Prepared Statement
2021-11-16 17:55:38.631 [main] INFO  DataBaseConfig - Closing DB connection
2021-11-16 17:55:38.631 [main] INFO  ParkingService - ============================================================================================
2021-11-16 17:55:38.631 [main] INFO  ParkingService - Welcome back! As usual user, you get benefit of 5% discount!
2021-11-16 17:55:38.632 [main] INFO  ParkingService - --------------------------------------------------------------------------------------------
2021-11-16 17:55:38.632 [main] INFO  ParkingService - Please pay the parking fare: 1.5€ for: 60 minutes of park.
2021-11-16 17:55:38.632 [main] INFO  ParkingService - Recorded out-time for vehicle number: ABCDEF / Out-time The: 2021-11-16 at 17:55:38.620
2021-11-16 17:55:38.632 [main] INFO  ParkingService - ============================================================================================
2021-11-16 17:55:38.635 [main] INFO  ParkingService - Please select vehicle type from menu
2021-11-16 17:55:38.635 [main] INFO  ParkingService - 1 CAR
2021-11-16 17:55:38.636 [main] INFO  ParkingService - 2 BIKE
2021-11-16 17:55:38.636 [main] ERROR ParkingService - Error fetching next available parking slot
java.lang.Exception: Error fetching parking number from DB. Parking slots might be full
	at com.parkit.parkingsystem.service.ParkingService.getNextParkingNumberIfAvailable(ParkingService.java:86) [classes/:?]
	at com.parkit.parkingsystem.service.ParkingService.processIncomingVehicle(ParkingService.java:38) [classes/:?]
	at com.parkit.parkingsystem.ParkingServiceTest.testErrorIfParkingIsFull(ParkingServiceTest.java:103) [test-classes/:?]
	at sun.reflect.NativeMethodAccessorImpl.invoke0(Native Method) ~[?:1.8.0_292]
	at sun.reflect.NativeMethodAccessorImpl.invoke(NativeMethodAccessorImpl.java:62) ~[?:1.8.0_292]
	at sun.reflect.DelegatingMethodAccessorImpl.invoke(DelegatingMethodAccessorImpl.java:43) ~[?:1.8.0_292]
	at java.lang.reflect.Method.invoke(Method.java:498) ~[?:1.8.0_292]
	at org.junit.platform.commons.util.ReflectionUtils.invokeMethod(ReflectionUtils.java:688) [org.junit.platform.commons_1.7.1.v20210222-1948.jar:1.7.1]
	at org.junit.jupiter.engine.execution.MethodInvocation.proceed(MethodInvocation.java:60) [org.junit.jupiter.engine_5.7.1.v20210222-1948.jar:5.7.1]
	at org.junit.jupiter.engine.execution.InvocationInterceptorChain$ValidatingInvocation.proceed(InvocationInterceptorChain.java:131) [org.junit.jupiter.engine_5.7.1.v20210222-1948.jar:5.7.1]
	at org.junit.jupiter.engine.extension.TimeoutExtension.intercept(TimeoutExtension.java:149) [org.junit.jupiter.engine_5.7.1.v20210222-1948.jar:5.7.1]
	at org.junit.jupiter.engine.extension.TimeoutExtension.interceptTestableMethod(TimeoutExtension.java:140) [org.junit.jupiter.engine_5.7.1.v20210222-1948.jar:5.7.1]
	at org.junit.jupiter.engine.extension.TimeoutExtension.interceptTestMethod(TimeoutExtension.java:84) [org.junit.jupiter.engine_5.7.1.v20210222-1948.jar:5.7.1]
	at org.junit.jupiter.engine.descriptor.TestMethodTestDescriptor$$Lambda$118/0x0000000000000000.apply(Unknown Source) [org.junit.jupiter.engine_5.7.1.v20210222-1948.jar:5.7.1]
	at org.junit.jupiter.engine.execution.ExecutableInvoker$ReflectiveInterceptorCall.lambda$ofVoidMethod$0(ExecutableInvoker.java:115) [org.junit.jupiter.engine_5.7.1.v20210222-1948.jar:5.7.1]
	at org.junit.jupiter.engine.execution.ExecutableInvoker$ReflectiveInterceptorCall$$Lambda$119/0x0000000000000000.apply(Unknown Source) [org.junit.jupiter.engine_5.7.1.v20210222-1948.jar:5.7.1]
	at org.junit.jupiter.engine.execution.ExecutableInvoker.lambda$invoke$0(ExecutableInvoker.java:105) [org.junit.jupiter.engine_5.7.1.v20210222-1948.jar:5.7.1]
	at org.junit.jupiter.engine.execution.ExecutableInvoker$$Lambda$275/0x0000000000000000.apply(Unknown Source) [org.junit.jupiter.engine_5.7.1.v20210222-1948.jar:5.7.1]
	at org.junit.jupiter.engine.execution.InvocationInterceptorChain$InterceptedInvocation.proceed(InvocationInterceptorChain.java:106) [org.junit.jupiter.engine_5.7.1.v20210222-1948.jar:5.7.1]
	at org.junit.jupiter.engine.execution.InvocationInterceptorChain.proceed(InvocationInterceptorChain.java:64) [org.junit.jupiter.engine_5.7.1.v20210222-1948.jar:5.7.1]
	at org.junit.jupiter.engine.execution.InvocationInterceptorChain.chainAndInvoke(InvocationInterceptorChain.java:45) [org.junit.jupiter.engine_5.7.1.v20210222-1948.jar:5.7.1]
	at org.junit.jupiter.engine.execution.InvocationInterceptorChain.invoke(InvocationInterceptorChain.java:37) [org.junit.jupiter.engine_5.7.1.v20210222-1948.jar:5.7.1]
	at org.junit.jupiter.engine.execution.ExecutableInvoker.invoke(ExecutableInvoker.java:104) [org.junit.jupiter.engine_5.7.1.v20210222-1948.jar:5.7.1]
	at org.junit.jupiter.engine.execution.ExecutableInvoker.invoke(ExecutableInvoker.java:98) [org.junit.jupiter.engine_5.7.1.v20210222-1948.jar:5.7.1]
	at org.junit.jupiter.engine.descriptor.TestMethodTestDescriptor.lambda$invokeTestMethod$6(TestMethodTestDescriptor.java:210) [org.junit.jupiter.engine_5.7.1.v20210222-1948.jar:5.7.1]
	at org.junit.jupiter.engine.descriptor.TestMethodTestDescriptor$$Lambda$222/0x0000000000000000.execute(Unknown Source) [org.junit.jupiter.engine_5.7.1.v20210222-1948.jar:5.7.1]
	at org.junit.platform.engine.support.hierarchical.ThrowableCollector.execute(ThrowableCollector.java:73) [org.junit.platform.engine_1.7.1.v20210222-1948.jar:1.7.1]
	at org.junit.jupiter.engine.descriptor.TestMethodTestDescriptor.invokeTestMethod(TestMethodTestDescriptor.java:206) [org.junit.jupiter.engine_5.7.1.v20210222-1948.jar:5.7.1]
	at org.junit.jupiter.engine.descriptor.TestMethodTestDescriptor.execute(TestMethodTestDescriptor.java:131) [org.junit.jupiter.engine_5.7.1.v20210222-1948.jar:5.7.1]
	at org.junit.jupiter.engine.descriptor.TestMethodTestDescriptor.execute(TestMethodTestDescriptor.java:65) [org.junit.jupiter.engine_5.7.1.v20210222-1948.jar:5.7.1]
	at org.junit.platform.engine.support.hierarchical.NodeTestTask.lambda$executeRecursively$5(NodeTestTask.java:139) [org.junit.platform.engine_1.7.1.v20210222-1948.jar:1.7.1]
	at org.junit.platform.engine.support.hierarchical.NodeTestTask$$Lambda$151/0x0000000000000000.execute(Unknown Source) [org.junit.platform.engine_1.7.1.v20210222-1948.jar:1.7.1]
	at org.junit.platform.engine.support.hierarchical.ThrowableCollector.execute(ThrowableCollector.java:73) [org.junit.platform.engine_1.7.1.v20210222-1948.jar:1.7.1]
	at org.junit.platform.engine.support.hierarchical.NodeTestTask.lambda$executeRecursively$7(NodeTestTask.java:129) [org.junit.platform.engine_1.7.1.v20210222-1948.jar:1.7.1]
	at org.junit.platform.engine.support.hierarchical.NodeTestTask$$Lambda$152/0x0000000000000000.invoke(Unknown Source) [org.junit.platform.engine_1.7.1.v20210222-1948.jar:1.7.1]
	at org.junit.platform.engine.support.hierarchical.Node.around(Node.java:137) [org.junit.platform.engine_1.7.1.v20210222-1948.jar:1.7.1]
	at org.junit.platform.engine.support.hierarchical.NodeTestTask.lambda$executeRecursively$8(NodeTestTask.java:127) [org.junit.platform.engine_1.7.1.v20210222-1948.jar:1.7.1]
	at org.junit.platform.engine.support.hierarchical.NodeTestTask$$Lambda$151/0x0000000000000000.execute(Unknown Source) [org.junit.platform.engine_1.7.1.v20210222-1948.jar:1.7.1]
	at org.junit.platform.engine.support.hierarchical.ThrowableCollector.execute(ThrowableCollector.java:73) [org.junit.platform.engine_1.7.1.v20210222-1948.jar:1.7.1]
	at org.junit.platform.engine.support.hierarchical.NodeTestTask.executeRecursively(NodeTestTask.java:126) [org.junit.platform.engine_1.7.1.v20210222-1948.jar:1.7.1]
	at org.junit.platform.engine.support.hierarchical.NodeTestTask.execute(NodeTestTask.java:84) [org.junit.platform.engine_1.7.1.v20210222-1948.jar:1.7.1]
	at org.junit.platform.engine.support.hierarchical.SameThreadHierarchicalTestExecutorService$$Lambda$225/0x0000000000000000.accept(Unknown Source) [org.junit.platform.engine_1.7.1.v20210222-1948.jar:1.7.1]
	at java.util.ArrayList.forEach(ArrayList.java:1259) [?:1.8.0_292]
	at org.junit.platform.engine.support.hierarchical.SameThreadHierarchicalTestExecutorService.invokeAll(SameThreadHierarchicalTestExecutorService.java:38) [org.junit.platform.engine_1.7.1.v20210222-1948.jar:1.7.1]
	at org.junit.platform.engine.support.hierarchical.NodeTestTask.lambda$executeRecursively$5(NodeTestTask.java:143) [org.junit.platform.engine_1.7.1.v20210222-1948.jar:1.7.1]
	at org.junit.platform.engine.support.hierarchical.NodeTestTask$$Lambda$151/0x0000000000000000.execute(Unknown Source) [org.junit.platform.engine_1.7.1.v20210222-1948.jar:1.7.1]
	at org.junit.platform.engine.support.hierarchical.ThrowableCollector.execute(ThrowableCollector.java:73) [org.junit.platform.engine_1.7.1.v20210222-1948.jar:1.7.1]
	at org.junit.platform.engine.support.hierarchical.NodeTestTask.lambda$executeRecursively$7(NodeTestTask.java:129) [org.junit.platform.engine_1.7.1.v20210222-1948.jar:1.7.1]
	at org.junit.platform.engine.support.hierarchical.NodeTestTask$$Lambda$152/0x0000000000000000.invoke(Unknown Source) [org.junit.platform.engine_1.7.1.v20210222-1948.jar:1.7.1]
	at org.junit.platform.engine.support.hierarchical.Node.around(Node.java:137) [org.junit.platform.engine_1.7.1.v20210222-1948.jar:1.7.1]
	at org.junit.platform.engine.support.hierarchical.NodeTestTask.lambda$executeRecursively$8(NodeTestTask.java:127) [org.junit.platform.engine_1.7.1.v20210222-1948.jar:1.7.1]
	at org.junit.platform.engine.support.hierarchical.NodeTestTask$$Lambda$151/0x0000000000000000.execute(Unknown Source) [org.junit.platform.engine_1.7.1.v20210222-1948.jar:1.7.1]
	at org.junit.platform.engine.support.hierarchical.ThrowableCollector.execute(ThrowableCollector.java:73) [org.junit.platform.engine_1.7.1.v20210222-1948.jar:1.7.1]
	at org.junit.platform.engine.support.hierarchical.NodeTestTask.executeRecursively(NodeTestTask.java:126) [org.junit.platform.engine_1.7.1.v20210222-1948.jar:1.7.1]
	at org.junit.platform.engine.support.hierarchical.NodeTestTask.execute(NodeTestTask.java:84) [org.junit.platform.engine_1.7.1.v20210222-1948.jar:1.7.1]
	at org.junit.platform.engine.support.hierarchical.SameThreadHierarchicalTestExecutorService$$Lambda$225/0x0000000000000000.accept(Unknown Source) [org.junit.platform.engine_1.7.1.v20210222-1948.jar:1.7.1]
	at java.util.ArrayList.forEach(ArrayList.java:1259) [?:1.8.0_292]
	at org.junit.platform.engine.support.hierarchical.SameThreadHierarchicalTestExecutorService.invokeAll(SameThreadHierarchicalTestExecutorService.java:38) [org.junit.platform.engine_1.7.1.v20210222-1948.jar:1.7.1]
	at org.junit.platform.engine.support.hierarchical.NodeTestTask.lambda$executeRecursively$5(NodeTestTask.java:143) [org.junit.platform.engine_1.7.1.v20210222-1948.jar:1.7.1]
	at org.junit.platform.engine.support.hierarchical.NodeTestTask$$Lambda$151/0x0000000000000000.execute(Unknown Source) [org.junit.platform.engine_1.7.1.v20210222-1948.jar:1.7.1]
	at org.junit.platform.engine.support.hierarchical.ThrowableCollector.execute(ThrowableCollector.java:73) [org.junit.platform.engine_1.7.1.v20210222-1948.jar:1.7.1]
	at org.junit.platform.engine.support.hierarchical.NodeTestTask.lambda$executeRecursively$7(NodeTestTask.java:129) [org.junit.platform.engine_1.7.1.v20210222-1948.jar:1.7.1]
	at org.junit.platform.engine.support.hierarchical.NodeTestTask$$Lambda$152/0x0000000000000000.invoke(Unknown Source) [org.junit.platform.engine_1.7.1.v20210222-1948.jar:1.7.1]
	at org.junit.platform.engine.support.hierarchical.Node.around(Node.java:137) [org.junit.platform.engine_1.7.1.v20210222-1948.jar:1.7.1]
	at org.junit.platform.engine.support.hierarchical.NodeTestTask.lambda$executeRecursively$8(NodeTestTask.java:127) [org.junit.platform.engine_1.7.1.v20210222-1948.jar:1.7.1]
	at org.junit.platform.engine.support.hierarchical.NodeTestTask$$Lambda$151/0x0000000000000000.execute(Unknown Source) [org.junit.platform.engine_1.7.1.v20210222-1948.jar:1.7.1]
	at org.junit.platform.engine.support.hierarchical.ThrowableCollector.execute(ThrowableCollector.java:73) [org.junit.platform.engine_1.7.1.v20210222-1948.jar:1.7.1]
	at org.junit.platform.engine.support.hierarchical.NodeTestTask.executeRecursively(NodeTestTask.java:126) [org.junit.platform.engine_1.7.1.v20210222-1948.jar:1.7.1]
	at org.junit.platform.engine.support.hierarchical.NodeTestTask.execute(NodeTestTask.java:84) [org.junit.platform.engine_1.7.1.v20210222-1948.jar:1.7.1]
	at org.junit.platform.engine.support.hierarchical.SameThreadHierarchicalTestExecutorService.submit(SameThreadHierarchicalTestExecutorService.java:32) [org.junit.platform.engine_1.7.1.v20210222-1948.jar:1.7.1]
	at org.junit.platform.engine.support.hierarchical.HierarchicalTestExecutor.execute(HierarchicalTestExecutor.java:57) [org.junit.platform.engine_1.7.1.v20210222-1948.jar:1.7.1]
	at org.junit.platform.engine.support.hierarchical.HierarchicalTestEngine.execute(HierarchicalTestEngine.java:51) [org.junit.platform.engine_1.7.1.v20210222-1948.jar:1.7.1]
	at org.junit.platform.launcher.core.EngineExecutionOrchestrator.execute(EngineExecutionOrchestrator.java:108) [org.junit.platform.launcher_1.7.1.v20210222-1948.jar:1.7.1]
	at org.junit.platform.launcher.core.EngineExecutionOrchestrator.execute(EngineExecutionOrchestrator.java:88) [org.junit.platform.launcher_1.7.1.v20210222-1948.jar:1.7.1]
	at org.junit.platform.launcher.core.EngineExecutionOrchestrator.lambda$execute$0(EngineExecutionOrchestrator.java:54) [org.junit.platform.launcher_1.7.1.v20210222-1948.jar:1.7.1]
	at org.junit.platform.launcher.core.EngineExecutionOrchestrator$$Lambda$180/0x0000000000000000.accept(Unknown Source) [org.junit.platform.launcher_1.7.1.v20210222-1948.jar:1.7.1]
	at org.junit.platform.launcher.core.EngineExecutionOrchestrator.withInterceptedStreams(EngineExecutionOrchestrator.java:67) [org.junit.platform.launcher_1.7.1.v20210222-1948.jar:1.7.1]
	at org.junit.platform.launcher.core.EngineExecutionOrchestrator.execute(EngineExecutionOrchestrator.java:52) [org.junit.platform.launcher_1.7.1.v20210222-1948.jar:1.7.1]
	at org.junit.platform.launcher.core.DefaultLauncher.execute(DefaultLauncher.java:96) [org.junit.platform.launcher_1.7.1.v20210222-1948.jar:1.7.1]
	at org.junit.platform.launcher.core.DefaultLauncher.execute(DefaultLauncher.java:84) [org.junit.platform.launcher_1.7.1.v20210222-1948.jar:1.7.1]
	at org.eclipse.jdt.internal.junit5.runner.JUnit5TestReference.run(JUnit5TestReference.java:98) [.cp/:?]
	at org.eclipse.jdt.internal.junit.runner.TestExecution.run(TestExecution.java:40) [.cp/:?]
	at org.eclipse.jdt.internal.junit.runner.RemoteTestRunner.runTests(RemoteTestRunner.java:529) [.cp/:?]
	at org.eclipse.jdt.internal.junit.runner.RemoteTestRunner.runTests(RemoteTestRunner.java:756) [.cp/:?]
	at org.eclipse.jdt.internal.junit.runner.RemoteTestRunner.run(RemoteTestRunner.java:452) [.cp/:?]
	at org.eclipse.jdt.internal.junit.runner.RemoteTestRunner.main(RemoteTestRunner.java:210) [.cp/:?]
2021-11-16 17:55:38.637 [main] INFO  ParkingService - Please type the vehicle registration number and press enter key
2021-11-16 17:55:38.637 [main] INFO  ParkingService - --------------------------------------------------------------------------------------------
2021-11-16 17:55:38.637 [main] INFO  ParkingService - Error, Incoming Vehicule. Please set an other Registration Number.
2021-11-16 17:55:38.637 [main] INFO  ParkingService - This vehicule seems already park in. Thanks
2021-11-16 17:55:38.641 [main] INFO  ParkingService - Please type the vehicle registration number and press enter key
2021-11-16 17:55:39.249 [main] INFO  DataBaseConfig - Create DB connection
2021-11-16 17:55:39.259 [main] INFO  DataBaseConfig - Closing Result Set
2021-11-16 17:55:39.260 [main] INFO  DataBaseConfig - Closing Prepared Statement
2021-11-16 17:55:39.260 [main] INFO  DataBaseConfig - Closing DB connection
2021-11-16 17:55:39.261 [main] INFO  ParkingService - --------------------------------------------------------------------------------------------
2021-11-16 17:55:39.261 [main] INFO  ParkingService - Please pay the parking fare: 1.5€ for: 60 minutes of park.
2021-11-16 17:55:39.261 [main] INFO  ParkingService - Recorded out-time for vehicle number: ABCDEF / Out-time The: 2021-11-16 at 17:55:39.249
2021-11-16 17:55:39.261 [main] INFO  ParkingService - ============================================================================================
2021-11-16 17:55:39.266 [main] INFO  ParkingService - Please select vehicle type from menu
2021-11-16 17:55:39.266 [main] INFO  ParkingService - 1 CAR
2021-11-16 17:55:39.266 [main] INFO  ParkingService - 2 BIKE
2021-11-16 17:55:39.267 [main] INFO  ParkingService - Please type the vehicle registration number and press enter key
2021-11-16 17:55:39.268 [main] INFO  ParkingService - ============================================================================================
2021-11-16 17:55:39.268 [main] INFO  ParkingService - Generated Ticket and saved in DataBase
2021-11-16 17:55:39.268 [main] INFO  ParkingService - Please park your vehicle in spot number: 1
2021-11-16 17:55:39.268 [main] INFO  ParkingService - Recorded in-time for vehicle number: ABCDEF / In-time The: 2021-11-16 at 17:55:39.267
2021-11-16 17:55:39.268 [main] INFO  ParkingService - --------------------------------------------------------------------------------------------
2021-11-16 17:55:39.275 [main] INFO  ParkingService - Please type the vehicle registration number and press enter key
2021-11-16 17:55:39.885 [main] INFO  DataBaseConfig - Create DB connection
2021-11-16 17:55:39.896 [main] INFO  DataBaseConfig - Closing Result Set
2021-11-16 17:55:39.896 [main] INFO  DataBaseConfig - Closing Prepared Statement
2021-11-16 17:55:39.896 [main] INFO  DataBaseConfig - Closing DB connection
2021-11-16 17:55:39.897 [main] INFO  ParkingService - Unable to update ticket information. Error occurred
